[     291ms] [ERROR] [JavaScript Error: "Cookie “AWSALBCORS” rejected because it has the “SameSite=None” attribute but is missing the “secure” attribute." {file: "https://chat.tommykeyapp.com/api/push/vapid-key" line: 0}] @ https://chat.tommykeyapp.com/api/push/vapid-key:0
[     298ms] [ERROR] [JavaScript Error: "Cookie “AWSALBCORS” rejected because it has the “SameSite=None” attribute but is missing the “secure” attribute." {file: "https://chat.tommykeyapp.com/api/users/me" line: 0}] @ https://chat.tommykeyapp.com/api/users/me:0
[     308ms] [ERROR] [JavaScript Error: "Cookie “AWSALBCORS” rejected because it has the “SameSite=None” attribute but is missing the “secure” attribute." {file: "https://chat.tommykeyapp.com/api/notifications/unread" line: 0}] @ https://chat.tommykeyapp.com/api/notifications/unread:0
[     308ms] [ERROR] [JavaScript Error: "Cookie “AWSALBCORS” rejected because it has the “SameSite=None” attribute but is missing the “secure” attribute." {file: "https://chat.tommykeyapp.com/ws" line: 0}] @ https://chat.tommykeyapp.com/ws:0
[   65359ms] [ERROR] [JavaScript Error: "Cookie “AWSALBCORS” rejected because it has the “SameSite=None” attribute but is missing the “secure” attribute." {file: "https://chat.tommykeyapp.com/ws" line: 0}] @ https://chat.tommykeyapp.com/ws:0
[  130458ms] [ERROR] [JavaScript Error: "Cookie “AWSALBCORS” rejected because it has the “SameSite=None” attribute but is missing the “secure” attribute." {file: "https://chat.tommykeyapp.com/ws" line: 0}] @ https://chat.tommykeyapp.com/ws:0
[  195681ms] [ERROR] [JavaScript Error: "Cookie “AWSALBCORS” rejected because it has the “SameSite=None” attribute but is missing the “secure” attribute." {file: "https://chat.tommykeyapp.com/ws" line: 0}] @ https://chat.tommykeyapp.com/ws:0
[  261198ms] [ERROR] [JavaScript Error: "Cookie “AWSALBCORS” rejected because it has the “SameSite=None” attribute but is missing the “secure” attribute." {file: "https://chat.tommykeyapp.com/ws" line: 0}] @ https://chat.tommykeyapp.com/ws:0
[  326256ms] [ERROR] [JavaScript Error: "Cookie “AWSALBCORS” rejected because it has the “SameSite=None” attribute but is missing the “secure” attribute." {file: "https://chat.tommykeyapp.com/ws" line: 0}] @ https://chat.tommykeyapp.com/ws:0
[  391354ms] [ERROR] [JavaScript Error: "Cookie “AWSALBCORS” rejected because it has the “SameSite=None” attribute but is missing the “secure” attribute." {file: "https://chat.tommykeyapp.com/ws" line: 0}] @ https://chat.tommykeyapp.com/ws:0
[  456418ms] [ERROR] [JavaScript Error: "Cookie “AWSALBCORS” rejected because it has the “SameSite=None” attribute but is missing the “secure” attribute." {file: "https://chat.tommykeyapp.com/ws" line: 0}] @ https://chat.tommykeyapp.com/ws:0
[  521481ms] [ERROR] [JavaScript Error: "Cookie “AWSALBCORS” rejected because it has the “SameSite=None” attribute but is missing the “secure” attribute." {file: "https://chat.tommykeyapp.com/ws" line: 0}] @ https://chat.tommykeyapp.com/ws:0
[  586557ms] [ERROR] [JavaScript Error: "Cookie “AWSALBCORS” rejected because it has the “SameSite=None” attribute but is missing the “secure” attribute." {file: "https://chat.tommykeyapp.com/ws" line: 0}] @ https://chat.tommykeyapp.com/ws:0
[  651619ms] [ERROR] [JavaScript Error: "Cookie “AWSALBCORS” rejected because it has the “SameSite=None” attribute but is missing the “secure” attribute." {file: "https://chat.tommykeyapp.com/ws" line: 0}] @ https://chat.tommykeyapp.com/ws:0
[  716702ms] [ERROR] [JavaScript Error: "Cookie “AWSALBCORS” rejected because it has the “SameSite=None” attribute but is missing the “secure” attribute." {file: "https://chat.tommykeyapp.com/ws" line: 0}] @ https://chat.tommykeyapp.com/ws:0
[  781771ms] [ERROR] [JavaScript Error: "Cookie “AWSALBCORS” rejected because it has the “SameSite=None” attribute but is missing the “secure” attribute." {file: "https://chat.tommykeyapp.com/ws" line: 0}] @ https://chat.tommykeyapp.com/ws:0
[  846865ms] [ERROR] [JavaScript Error: "Cookie “AWSALBCORS” rejected because it has the “SameSite=None” attribute but is missing the “secure” attribute." {file: "https://chat.tommykeyapp.com/ws" line: 0}] @ https://chat.tommykeyapp.com/ws:0
[  912010ms] [ERROR] [JavaScript Error: "Cookie “AWSALBCORS” rejected because it has the “SameSite=None” attribute but is missing the “secure” attribute." {file: "https://chat.tommykeyapp.com/ws" line: 0}] @ https://chat.tommykeyapp.com/ws:0
[  977090ms] [ERROR] [JavaScript Error: "Cookie “AWSALBCORS” rejected because it has the “SameSite=None” attribute but is missing the “secure” attribute." {file: "https://chat.tommykeyapp.com/ws" line: 0}] @ https://chat.tommykeyapp.com/ws:0
[ 1042199ms] [ERROR] [JavaScript Error: "Cookie “AWSALBCORS” rejected because it has the “SameSite=None” attribute but is missing the “secure” attribute." {file: "https://chat.tommykeyapp.com/ws" line: 0}] @ https://chat.tommykeyapp.com/ws:0
[ 1107285ms] [ERROR] [JavaScript Error: "Cookie “AWSALBCORS” rejected because it has the “SameSite=None” attribute but is missing the “secure” attribute." {file: "https://chat.tommykeyapp.com/ws" line: 0}] @ https://chat.tommykeyapp.com/ws:0
[ 1172509ms] [ERROR] [JavaScript Error: "Cookie “AWSALBCORS” rejected because it has the “SameSite=None” attribute but is missing the “secure” attribute." {file: "https://chat.tommykeyapp.com/ws" line: 0}] @ https://chat.tommykeyapp.com/ws:0
