[     906ms] [ERROR] Push notification setup failed: Error @ http://localhost:5190/src/lib/push.ts:20
[    1136ms] [ERROR] STOMP error: Failed to send message to ExecutorSubscribableChannel[clientInboundChannel] @ http://localhost:5190/src/lib/websocket.svelte.ts:48
[    6229ms] [ERROR] STOMP error: Failed to send message to ExecutorSubscribableChannel[clientInboundChannel] @ http://localhost:5190/src/lib/websocket.svelte.ts:48
[   11332ms] [ERROR] STOMP error: Failed to send message to ExecutorSubscribableChannel[clientInboundChannel] @ http://localhost:5190/src/lib/websocket.svelte.ts:48
[   16730ms] [ERROR] STOMP error: Failed to send message to ExecutorSubscribableChannel[clientInboundChannel] @ http://localhost:5190/src/lib/websocket.svelte.ts:48
[   21839ms] [ERROR] STOMP error: Failed to send message to ExecutorSubscribableChannel[clientInboundChannel] @ http://localhost:5190/src/lib/websocket.svelte.ts:48
[   26933ms] [ERROR] STOMP error: Failed to send message to ExecutorSubscribableChannel[clientInboundChannel] @ http://localhost:5190/src/lib/websocket.svelte.ts:48
[   32042ms] [ERROR] STOMP error: Failed to send message to ExecutorSubscribableChannel[clientInboundChannel] @ http://localhost:5190/src/lib/websocket.svelte.ts:48
[   37128ms] [ERROR] STOMP error: Failed to send message to ExecutorSubscribableChannel[clientInboundChannel] @ http://localhost:5190/src/lib/websocket.svelte.ts:48
[   42230ms] [ERROR] STOMP error: Failed to send message to ExecutorSubscribableChannel[clientInboundChannel] @ http://localhost:5190/src/lib/websocket.svelte.ts:48
[   47329ms] [ERROR] STOMP error: Failed to send message to ExecutorSubscribableChannel[clientInboundChannel] @ http://localhost:5190/src/lib/websocket.svelte.ts:48
[   51185ms] [LOG] [vite] server connection lost. Polling for restart... @ http://localhost:5190/@vite/client:864
[   52751ms] [ERROR] [JavaScript Error: "Firefox can’t establish a connection to the server at ws://localhost:5190/ws." {file: "http://localhost:5190/node_modules/.vite/deps/@stomp_stompjs.js?v=c33fc525" line: 1107}] @ http://localhost:5190/node_modules/.vite/deps/@stomp_stompjs.js?v=c33fc525:1107
[   53557ms] [ERROR] [JavaScript Error: "Firefox can’t establish a connection to the server at ws://localhost:5190/ws." {file: "http://localhost:5190/node_modules/.vite/deps/@stomp_stompjs.js?v=74622ce7" line: 1107}] @ http://localhost:5190/node_modules/.vite/deps/@stomp_stompjs.js?v=74622ce7:1107
[   53558ms] [ERROR] Push notification setup failed: Error @ http://localhost:5190/src/lib/push.ts:20
[   58574ms] [ERROR] [JavaScript Error: "Firefox can’t establish a connection to the server at ws://localhost:5190/ws." {file: "http://localhost:5190/node_modules/.vite/deps/@stomp_stompjs.js?v=74622ce7" line: 1107}] @ http://localhost:5190/node_modules/.vite/deps/@stomp_stompjs.js?v=74622ce7:1107
[   63581ms] [ERROR] [JavaScript Error: "Firefox can’t establish a connection to the server at ws://localhost:5190/ws." {file: "http://localhost:5190/node_modules/.vite/deps/@stomp_stompjs.js?v=74622ce7" line: 1107}] @ http://localhost:5190/node_modules/.vite/deps/@stomp_stompjs.js?v=74622ce7:1107
[   68587ms] [ERROR] [JavaScript Error: "Firefox can’t establish a connection to the server at ws://localhost:5190/ws." {file: "http://localhost:5190/node_modules/.vite/deps/@stomp_stompjs.js?v=74622ce7" line: 1107}] @ http://localhost:5190/node_modules/.vite/deps/@stomp_stompjs.js?v=74622ce7:1107
[   73593ms] [ERROR] [JavaScript Error: "Firefox can’t establish a connection to the server at ws://localhost:5190/ws." {file: "http://localhost:5190/node_modules/.vite/deps/@stomp_stompjs.js?v=74622ce7" line: 1107}] @ http://localhost:5190/node_modules/.vite/deps/@stomp_stompjs.js?v=74622ce7:1107
[   76924ms] [ERROR] Push notification setup failed: Error @ http://localhost:5190/src/lib/push.ts:20
[   76924ms] [ERROR] [JavaScript Error: "Firefox can’t establish a connection to the server at ws://localhost:5190/ws." {file: "http://localhost:5190/node_modules/.vite/deps/@stomp_stompjs.js?v=74622ce7" line: 1107}] @ http://localhost:5190/node_modules/.vite/deps/@stomp_stompjs.js?v=74622ce7:1107
[   81944ms] [ERROR] [JavaScript Error: "Firefox can’t establish a connection to the server at ws://localhost:5190/ws." {file: "http://localhost:5190/node_modules/.vite/deps/@stomp_stompjs.js?v=74622ce7" line: 1107}] @ http://localhost:5190/node_modules/.vite/deps/@stomp_stompjs.js?v=74622ce7:1107
[   86952ms] [ERROR] [JavaScript Error: "Firefox can’t establish a connection to the server at ws://localhost:5190/ws." {file: "http://localhost:5190/node_modules/.vite/deps/@stomp_stompjs.js?v=74622ce7" line: 1107}] @ http://localhost:5190/node_modules/.vite/deps/@stomp_stompjs.js?v=74622ce7:1107
[   92497ms] [ERROR] [JavaScript Error: "Firefox can’t establish a connection to the server at ws://localhost:5190/ws." {file: "http://localhost:5190/node_modules/.vite/deps/@stomp_stompjs.js?v=74622ce7" line: 1107}] @ http://localhost:5190/node_modules/.vite/deps/@stomp_stompjs.js?v=74622ce7:1107
[  101207ms] [ERROR] [JavaScript Error: "Firefox can’t establish a connection to the server at ws://localhost:5190/ws." {file: "http://localhost:5190/node_modules/.vite/deps/@stomp_stompjs.js?v=74622ce7" line: 1107}] @ http://localhost:5190/node_modules/.vite/deps/@stomp_stompjs.js?v=74622ce7:1107
