[     336ms] [ERROR] STOMP error: Failed to send message to ExecutorSubscribableChannel[clientInboundChannel] @ http://localhost:5173/src/lib/websocket.ts?t=1775082873959:19
[    5448ms] [ERROR] STOMP error: Failed to send message to ExecutorSubscribableChannel[clientInboundChannel] @ http://localhost:5173/src/lib/websocket.ts?t=1775082873959:19
[   10558ms] [ERROR] STOMP error: Failed to send message to ExecutorSubscribableChannel[clientInboundChannel] @ http://localhost:5173/src/lib/websocket.ts?t=1775082873959:19
[   15657ms] [ERROR] STOMP error: Failed to send message to ExecutorSubscribableChannel[clientInboundChannel] @ http://localhost:5173/src/lib/websocket.ts?t=1775082873959:19
[   20759ms] [ERROR] STOMP error: Failed to send message to ExecutorSubscribableChannel[clientInboundChannel] @ http://localhost:5173/src/lib/websocket.ts?t=1775082873959:19
[   23941ms] [ERROR] [vite] Error @ http://localhost:5173/@vite/client:808
[   23942ms] [ERROR] [vite] Failed to reload /src/app.css. This could be due to syntax errors or importing non-existent modules. (see errors above) @ http://localhost:5173/@vite/client:808
[   23942ms] [WARNING] [JavaScript Warning: "Loading failed for the module with source “http://localhost:5173/src/app.css?t=1775083349616”." {file: "http://localhost:5173/@vite/client" line: 0}] @ http://localhost:5173/@vite/client:0
[   23942ms] [ERROR] [vite] Error @ http://localhost:5173/@vite/client:808
[   23942ms] [ERROR] [vite] Failed to reload /src/routes/rooms/[roomId]/+page.svelte. This could be due to syntax errors or importing non-existent modules. (see errors above) @ http://localhost:5173/@vite/client:808
[   23943ms] [WARNING] [JavaScript Warning: "Loading failed for the module with source “http://localhost:5173/src/routes/rooms/[roomId]/+page.svelte?t=1775083349616”." {file: "http://localhost:5173/@vite/client" line: 0}] @ http://localhost:5173/@vite/client:0
[   23943ms] TypeError: can't access property "default", module is undefined

[   25763ms] [ERROR] Error @ http://localhost:5173/node_modules/.vite/deps/chunk-EPZGBJLV.js?v=3ceb9e86:3020
[   25763ms] [ERROR] Error @ http://localhost:5173/node_modules/.vite/deps/chunk-EPZGBJLV.js?v=3ceb9e86:3020
[   25763ms] [ERROR] Error @ http://localhost:5173/node_modules/.vite/deps/chunk-EPZGBJLV.js?v=3ceb9e86:3020
[   25764ms] [ERROR] Error @ http://localhost:5173/node_modules/.vite/deps/chunk-EPZGBJLV.js?v=3ceb9e86:3020
[   25764ms] [ERROR] Error @ http://localhost:5173/node_modules/.vite/deps/chunk-EPZGBJLV.js?v=3ceb9e86:3020
[   25764ms] [ERROR] Error @ http://localhost:5173/node_modules/.vite/deps/chunk-EPZGBJLV.js?v=3ceb9e86:3020
[   25764ms] [ERROR] Error @ http://localhost:5173/node_modules/.vite/deps/chunk-EPZGBJLV.js?v=3ceb9e86:3020
[   25765ms] [ERROR] Error @ http://localhost:5173/node_modules/.vite/deps/chunk-EPZGBJLV.js?v=3ceb9e86:3020
[   25766ms] [ERROR] Error @ http://localhost:5173/node_modules/.vite/deps/chunk-EPZGBJLV.js?v=3ceb9e86:3020
[   25766ms] [ERROR] Error @ http://localhost:5173/node_modules/.vite/deps/chunk-EPZGBJLV.js?v=3ceb9e86:3020
[   25766ms] [ERROR] Error @ http://localhost:5173/node_modules/.vite/deps/chunk-EPZGBJLV.js?v=3ceb9e86:3020
[   25766ms] [ERROR] Error @ http://localhost:5173/node_modules/.vite/deps/chunk-EPZGBJLV.js?v=3ceb9e86:3020
[   25767ms] [ERROR] Error @ http://localhost:5173/node_modules/.vite/deps/chunk-EPZGBJLV.js?v=3ceb9e86:3020
[   25767ms] [ERROR] Error @ http://localhost:5173/node_modules/.vite/deps/chunk-EPZGBJLV.js?v=3ceb9e86:3020
[   25767ms] [ERROR] Error @ http://localhost:5173/node_modules/.vite/deps/chunk-EPZGBJLV.js?v=3ceb9e86:3020
[   25768ms] [ERROR] Error @ http://localhost:5173/node_modules/.vite/deps/chunk-EPZGBJLV.js?v=3ceb9e86:3020
[   25768ms] [ERROR] Error @ http://localhost:5173/node_modules/.vite/deps/chunk-EPZGBJLV.js?v=3ceb9e86:3020
[   25768ms] [ERROR] Error @ http://localhost:5173/node_modules/.vite/deps/chunk-EPZGBJLV.js?v=3ceb9e86:3020
[   25853ms] Svelte error: effect_update_depth_exceeded
Maximum update depth exceeded. This typically indicates that an effect reads and writes the same piece of state
https://svelte.dev/e/effect_update_depth_exceeded
    at start (http://localhost:5173/node_modules/.pnpm/@sveltejs+kit@2.55.0_@sveltejs+vite-plugin-svelte@6.2.4_svelte@5.55.0_vite@7.3.1_jiti@2_e81c5377ba9b49fffcc86979e80614ce/node_modules/@sveltejs/kit/src/runtime/client/client.js?v=3ceb9e86:373:9)
    at async* (http://localhost:5173/rooms/11111111-1111-1111-1111-111111111111:23:11)
    at promise callback* (http://localhost:5173/rooms/11111111-1111-1111-1111-111111111111:22:9)
[   26835ms] [ERROR] Push notification setup failed: Error @ http://localhost:5173/src/lib/push.ts?t=1775083349632:20
[   28395ms] [ERROR] STOMP error: Failed to send message to ExecutorSubscribableChannel[clientInboundChannel] @ http://localhost:5173/src/lib/websocket.ts?t=1775083349619:42
[   34092ms] [ERROR] STOMP error: Failed to send message to ExecutorSubscribableChannel[clientInboundChannel] @ http://localhost:5173/src/lib/websocket.ts?t=1775083349619:42
[   39189ms] [ERROR] STOMP error: Failed to send message to ExecutorSubscribableChannel[clientInboundChannel] @ http://localhost:5173/src/lib/websocket.ts?t=1775083349619:42
[   44300ms] [ERROR] STOMP error: Failed to send message to ExecutorSubscribableChannel[clientInboundChannel] @ http://localhost:5173/src/lib/websocket.ts?t=1775083349619:42
[   49402ms] [ERROR] STOMP error: Failed to send message to ExecutorSubscribableChannel[clientInboundChannel] @ http://localhost:5173/src/lib/websocket.ts?t=1775083349619:42
[   54406ms] [ERROR] [JavaScript Error: "Firefox can’t establish a connection to the server at ws://localhost:5173/ws." {file: "http://localhost:5173/node_modules/.vite/deps/@stomp_stompjs.js?v=3ceb9e86" line: 1107}] @ http://localhost:5173/node_modules/.vite/deps/@stomp_stompjs.js?v=3ceb9e86:1107
[   59703ms] [ERROR] STOMP error: Failed to send message to ExecutorSubscribableChannel[clientInboundChannel] @ http://localhost:5173/src/lib/websocket.ts?t=1775083349619:42
[   64800ms] [ERROR] STOMP error: Failed to send message to ExecutorSubscribableChannel[clientInboundChannel] @ http://localhost:5173/src/lib/websocket.ts?t=1775083349619:42
[   69896ms] [ERROR] STOMP error: Failed to send message to ExecutorSubscribableChannel[clientInboundChannel] @ http://localhost:5173/src/lib/websocket.ts?t=1775083349619:42
