[    1875ms] [ERROR] Error @ http://localhost:5173/node_modules/.vite/deps/chunk-EPZGBJLV.js?v=c33fc525:3020
[    1875ms] [ERROR] Error @ http://localhost:5173/node_modules/.vite/deps/chunk-EPZGBJLV.js?v=c33fc525:3020
[    1876ms] [ERROR] Error @ http://localhost:5173/node_modules/.vite/deps/chunk-EPZGBJLV.js?v=c33fc525:3020
[    1877ms] [ERROR] Error @ http://localhost:5173/node_modules/.vite/deps/chunk-EPZGBJLV.js?v=c33fc525:3020
[    1877ms] [ERROR] Error @ http://localhost:5173/node_modules/.vite/deps/chunk-EPZGBJLV.js?v=c33fc525:3020
[    1878ms] [ERROR] Error @ http://localhost:5173/node_modules/.vite/deps/chunk-EPZGBJLV.js?v=c33fc525:3020
[    1878ms] [ERROR] Error @ http://localhost:5173/node_modules/.vite/deps/chunk-EPZGBJLV.js?v=c33fc525:3020
[    1878ms] [ERROR] Error @ http://localhost:5173/node_modules/.vite/deps/chunk-EPZGBJLV.js?v=c33fc525:3020
[    1879ms] [ERROR] Error @ http://localhost:5173/node_modules/.vite/deps/chunk-EPZGBJLV.js?v=c33fc525:3020
[    1879ms] [ERROR] Error @ http://localhost:5173/node_modules/.vite/deps/chunk-EPZGBJLV.js?v=c33fc525:3020
[    1879ms] [ERROR] Error @ http://localhost:5173/node_modules/.vite/deps/chunk-EPZGBJLV.js?v=c33fc525:3020
[    1879ms] [ERROR] Error @ http://localhost:5173/node_modules/.vite/deps/chunk-EPZGBJLV.js?v=c33fc525:3020
[    1879ms] [ERROR] Error @ http://localhost:5173/node_modules/.vite/deps/chunk-EPZGBJLV.js?v=c33fc525:3020
[    1879ms] [ERROR] Error @ http://localhost:5173/node_modules/.vite/deps/chunk-EPZGBJLV.js?v=c33fc525:3020
[    1879ms] [ERROR] Error @ http://localhost:5173/node_modules/.vite/deps/chunk-EPZGBJLV.js?v=c33fc525:3020
[    1880ms] [ERROR] Error @ http://localhost:5173/node_modules/.vite/deps/chunk-EPZGBJLV.js?v=c33fc525:3020
[    1881ms] [ERROR] Error @ http://localhost:5173/node_modules/.vite/deps/chunk-EPZGBJLV.js?v=c33fc525:3020
[    1882ms] [ERROR] Error @ http://localhost:5173/node_modules/.vite/deps/chunk-EPZGBJLV.js?v=c33fc525:3020
[    2028ms] Svelte error: effect_update_depth_exceeded
Maximum update depth exceeded. This typically indicates that an effect reads and writes the same piece of state
https://svelte.dev/e/effect_update_depth_exceeded
    at start (http://localhost:5173/node_modules/.pnpm/@sveltejs+kit@2.55.0_@sveltejs+vite-plugin-svelte@6.2.4_svelte@5.55.0_vite@7.3.1_jiti@2_e81c5377ba9b49fffcc86979e80614ce/node_modules/@sveltejs/kit/src/runtime/client/client.js?v=c33fc525:373:9)
    at async* (http://localhost:5173/rooms/11111111-1111-1111-1111-111111111111:23:11)
    at promise callback* (http://localhost:5173/rooms/11111111-1111-1111-1111-111111111111:22:9)
[    2876ms] [ERROR] Push notification setup failed: Error @ http://localhost:5173/src/lib/push.ts:20
[    3966ms] [ERROR] STOMP error: Failed to send message to ExecutorSubscribableChannel[clientInboundChannel] @ http://localhost:5173/src/lib/websocket.svelte.ts:48
[    9068ms] [ERROR] STOMP error: Failed to send message to ExecutorSubscribableChannel[clientInboundChannel] @ http://localhost:5173/src/lib/websocket.svelte.ts:48
[   14167ms] [ERROR] STOMP error: Failed to send message to ExecutorSubscribableChannel[clientInboundChannel] @ http://localhost:5173/src/lib/websocket.svelte.ts:48
[   19269ms] [ERROR] STOMP error: Failed to send message to ExecutorSubscribableChannel[clientInboundChannel] @ http://localhost:5173/src/lib/websocket.svelte.ts:48
[   24357ms] [ERROR] STOMP error: Failed to send message to ExecutorSubscribableChannel[clientInboundChannel] @ http://localhost:5173/src/lib/websocket.svelte.ts:48
[   29922ms] [ERROR] STOMP error: Failed to send message to ExecutorSubscribableChannel[clientInboundChannel] @ http://localhost:5173/src/lib/websocket.svelte.ts:48
[   35021ms] [ERROR] STOMP error: Failed to send message to ExecutorSubscribableChannel[clientInboundChannel] @ http://localhost:5173/src/lib/websocket.svelte.ts:48
[   40110ms] [ERROR] STOMP error: Failed to send message to ExecutorSubscribableChannel[clientInboundChannel] @ http://localhost:5173/src/lib/websocket.svelte.ts:48
