[     479ms] [ERROR] [JavaScript Error: "Firefox can’t establish a connection to the server at ws://localhost:5190/ws." {file: "http://localhost:5190/node_modules/.vite/deps/@stomp_stompjs.js?v=c33fc525" line: 1107}] @ http://localhost:5190/node_modules/.vite/deps/@stomp_stompjs.js?v=c33fc525:1107
[    5486ms] [ERROR] [JavaScript Error: "Firefox can’t establish a connection to the server at ws://localhost:5190/ws." {file: "http://localhost:5190/node_modules/.vite/deps/@stomp_stompjs.js?v=c33fc525" line: 1107}] @ http://localhost:5190/node_modules/.vite/deps/@stomp_stompjs.js?v=c33fc525:1107
[   10491ms] [ERROR] [JavaScript Error: "Firefox can’t establish a connection to the server at ws://localhost:5190/ws." {file: "http://localhost:5190/node_modules/.vite/deps/@stomp_stompjs.js?v=c33fc525" line: 1107}] @ http://localhost:5190/node_modules/.vite/deps/@stomp_stompjs.js?v=c33fc525:1107
[   15497ms] [ERROR] [JavaScript Error: "Firefox can’t establish a connection to the server at ws://localhost:5190/ws." {file: "http://localhost:5190/node_modules/.vite/deps/@stomp_stompjs.js?v=c33fc525" line: 1107}] @ http://localhost:5190/node_modules/.vite/deps/@stomp_stompjs.js?v=c33fc525:1107
[   20502ms] [ERROR] [JavaScript Error: "Firefox can’t establish a connection to the server at ws://localhost:5190/ws." {file: "http://localhost:5190/node_modules/.vite/deps/@stomp_stompjs.js?v=c33fc525" line: 1107}] @ http://localhost:5190/node_modules/.vite/deps/@stomp_stompjs.js?v=c33fc525:1107
[   25508ms] [ERROR] [JavaScript Error: "Firefox can’t establish a connection to the server at ws://localhost:5190/ws." {file: "http://localhost:5190/node_modules/.vite/deps/@stomp_stompjs.js?v=c33fc525" line: 1107}] @ http://localhost:5190/node_modules/.vite/deps/@stomp_stompjs.js?v=c33fc525:1107
[   30513ms] [ERROR] [JavaScript Error: "Firefox can’t establish a connection to the server at ws://localhost:5190/ws." {file: "http://localhost:5190/node_modules/.vite/deps/@stomp_stompjs.js?v=c33fc525" line: 1107}] @ http://localhost:5190/node_modules/.vite/deps/@stomp_stompjs.js?v=c33fc525:1107
[   35518ms] [ERROR] [JavaScript Error: "Firefox can’t establish a connection to the server at ws://localhost:5190/ws." {file: "http://localhost:5190/node_modules/.vite/deps/@stomp_stompjs.js?v=c33fc525" line: 1107}] @ http://localhost:5190/node_modules/.vite/deps/@stomp_stompjs.js?v=c33fc525:1107
[   41677ms] [ERROR] [JavaScript Error: "Firefox can’t establish a connection to the server at ws://localhost:5190/ws." {file: "http://localhost:5190/node_modules/.vite/deps/@stomp_stompjs.js?v=c33fc525" line: 1107}] @ http://localhost:5190/node_modules/.vite/deps/@stomp_stompjs.js?v=c33fc525:1107
[   50916ms] [ERROR] [JavaScript Error: "Firefox can’t establish a connection to the server at ws://localhost:5190/ws." {file: "http://localhost:5190/node_modules/.vite/deps/@stomp_stompjs.js?v=c33fc525" line: 1107}] @ http://localhost:5190/node_modules/.vite/deps/@stomp_stompjs.js?v=c33fc525:1107
[   65189ms] [ERROR] [JavaScript Error: "Firefox can’t establish a connection to the server at ws://localhost:5190/ws." {file: "http://localhost:5190/node_modules/.vite/deps/@stomp_stompjs.js?v=c33fc525" line: 1107}] @ http://localhost:5190/node_modules/.vite/deps/@stomp_stompjs.js?v=c33fc525:1107
[   85968ms] [ERROR] [JavaScript Error: "Firefox can’t establish a connection to the server at ws://localhost:5190/ws." {file: "http://localhost:5190/node_modules/.vite/deps/@stomp_stompjs.js?v=c33fc525" line: 1107}] @ http://localhost:5190/node_modules/.vite/deps/@stomp_stompjs.js?v=c33fc525:1107
[  117375ms] [ERROR] [JavaScript Error: "Firefox can’t establish a connection to the server at ws://localhost:5190/ws." {file: "http://localhost:5190/node_modules/.vite/deps/@stomp_stompjs.js?v=c33fc525" line: 1107}] @ http://localhost:5190/node_modules/.vite/deps/@stomp_stompjs.js?v=c33fc525:1107
[  164127ms] [ERROR] [JavaScript Error: "Firefox can’t establish a connection to the server at ws://localhost:5190/ws." {file: "http://localhost:5190/node_modules/.vite/deps/@stomp_stompjs.js?v=c33fc525" line: 1107}] @ http://localhost:5190/node_modules/.vite/deps/@stomp_stompjs.js?v=c33fc525:1107
[  224132ms] [ERROR] [JavaScript Error: "Firefox can’t establish a connection to the server at ws://localhost:5190/ws." {file: "http://localhost:5190/node_modules/.vite/deps/@stomp_stompjs.js?v=c33fc525" line: 1107}] @ http://localhost:5190/node_modules/.vite/deps/@stomp_stompjs.js?v=c33fc525:1107
[  284139ms] [ERROR] [JavaScript Error: "Firefox can’t establish a connection to the server at ws://localhost:5190/ws." {file: "http://localhost:5190/node_modules/.vite/deps/@stomp_stompjs.js?v=c33fc525" line: 1107}] @ http://localhost:5190/node_modules/.vite/deps/@stomp_stompjs.js?v=c33fc525:1107
[  344150ms] [ERROR] [JavaScript Error: "Firefox can’t establish a connection to the server at ws://localhost:5190/ws." {file: "http://localhost:5190/node_modules/.vite/deps/@stomp_stompjs.js?v=c33fc525" line: 1107}] @ http://localhost:5190/node_modules/.vite/deps/@stomp_stompjs.js?v=c33fc525:1107
[  404160ms] [ERROR] [JavaScript Error: "Firefox can’t establish a connection to the server at ws://localhost:5190/ws." {file: "http://localhost:5190/node_modules/.vite/deps/@stomp_stompjs.js?v=c33fc525" line: 1107}] @ http://localhost:5190/node_modules/.vite/deps/@stomp_stompjs.js?v=c33fc525:1107
[  464167ms] [ERROR] [JavaScript Error: "Firefox can’t establish a connection to the server at ws://localhost:5190/ws." {file: "http://localhost:5190/node_modules/.vite/deps/@stomp_stompjs.js?v=c33fc525" line: 1107}] @ http://localhost:5190/node_modules/.vite/deps/@stomp_stompjs.js?v=c33fc525:1107
[  524175ms] [ERROR] [JavaScript Error: "Firefox can’t establish a connection to the server at ws://localhost:5190/ws." {file: "http://localhost:5190/node_modules/.vite/deps/@stomp_stompjs.js?v=c33fc525" line: 1107}] @ http://localhost:5190/node_modules/.vite/deps/@stomp_stompjs.js?v=c33fc525:1107
[  584658ms] [ERROR] [JavaScript Error: "Firefox can’t establish a connection to the server at ws://localhost:5190/ws." {file: "http://localhost:5190/node_modules/.vite/deps/@stomp_stompjs.js?v=c33fc525" line: 1107}] @ http://localhost:5190/node_modules/.vite/deps/@stomp_stompjs.js?v=c33fc525:1107
[  644665ms] [ERROR] [JavaScript Error: "Firefox can’t establish a connection to the server at ws://localhost:5190/ws." {file: "http://localhost:5190/node_modules/.vite/deps/@stomp_stompjs.js?v=c33fc525" line: 1107}] @ http://localhost:5190/node_modules/.vite/deps/@stomp_stompjs.js?v=c33fc525:1107
[  704672ms] [ERROR] [JavaScript Error: "Firefox can’t establish a connection to the server at ws://localhost:5190/ws." {file: "http://localhost:5190/node_modules/.vite/deps/@stomp_stompjs.js?v=c33fc525" line: 1107}] @ http://localhost:5190/node_modules/.vite/deps/@stomp_stompjs.js?v=c33fc525:1107
[  764678ms] [ERROR] [JavaScript Error: "Firefox can’t establish a connection to the server at ws://localhost:5190/ws." {file: "http://localhost:5190/node_modules/.vite/deps/@stomp_stompjs.js?v=c33fc525" line: 1107}] @ http://localhost:5190/node_modules/.vite/deps/@stomp_stompjs.js?v=c33fc525:1107
[  825310ms] [ERROR] [JavaScript Error: "Firefox can’t establish a connection to the server at ws://localhost:5190/ws." {file: "http://localhost:5190/node_modules/.vite/deps/@stomp_stompjs.js?v=c33fc525" line: 1107}] @ http://localhost:5190/node_modules/.vite/deps/@stomp_stompjs.js?v=c33fc525:1107
[  884382ms] [ERROR] [JavaScript Error: "Firefox can’t establish a connection to the server at ws://localhost:5190/ws." {file: "http://localhost:5190/node_modules/.vite/deps/@stomp_stompjs.js?v=c33fc525" line: 1107}] @ http://localhost:5190/node_modules/.vite/deps/@stomp_stompjs.js?v=c33fc525:1107
[  884383ms] [ERROR] [JavaScript Error: "The connection to ws://localhost:5190/ws was interrupted while the page was loading." {file: "http://localhost:5190/node_modules/.vite/deps/@stomp_stompjs.js?v=c33fc525" line: 1107}] @ http://localhost:5190/node_modules/.vite/deps/@stomp_stompjs.js?v=c33fc525:1107
[  885318ms] [ERROR] [JavaScript Error: "Firefox can’t establish a connection to the server at ws://localhost:5190/ws." {file: "http://localhost:5190/node_modules/.vite/deps/@stomp_stompjs.js?v=c33fc525" line: 1107}] @ http://localhost:5190/node_modules/.vite/deps/@stomp_stompjs.js?v=c33fc525:1107
[  945325ms] [ERROR] [JavaScript Error: "Firefox can’t establish a connection to the server at ws://localhost:5190/ws." {file: "http://localhost:5190/node_modules/.vite/deps/@stomp_stompjs.js?v=c33fc525" line: 1107}] @ http://localhost:5190/node_modules/.vite/deps/@stomp_stompjs.js?v=c33fc525:1107
[  993199ms] [ERROR] [JavaScript Error: "Firefox can’t establish a connection to the server at ws://localhost:5190/ws." {file: "http://localhost:5190/node_modules/.vite/deps/@stomp_stompjs.js?v=c33fc525" line: 1107}] @ http://localhost:5190/node_modules/.vite/deps/@stomp_stompjs.js?v=c33fc525:1107
[  993202ms] [ERROR] [JavaScript Error: "The connection to ws://localhost:5190/ws was interrupted while the page was loading." {file: "http://localhost:5190/node_modules/.vite/deps/@stomp_stompjs.js?v=c33fc525" line: 1107}] @ http://localhost:5190/node_modules/.vite/deps/@stomp_stompjs.js?v=c33fc525:1107
[ 1005331ms] [ERROR] [JavaScript Error: "Firefox can’t establish a connection to the server at ws://localhost:5190/ws." {file: "http://localhost:5190/node_modules/.vite/deps/@stomp_stompjs.js?v=c33fc525" line: 1107}] @ http://localhost:5190/node_modules/.vite/deps/@stomp_stompjs.js?v=c33fc525:1107
[ 1065338ms] [ERROR] [JavaScript Error: "Firefox can’t establish a connection to the server at ws://localhost:5190/ws." {file: "http://localhost:5190/node_modules/.vite/deps/@stomp_stompjs.js?v=c33fc525" line: 1107}] @ http://localhost:5190/node_modules/.vite/deps/@stomp_stompjs.js?v=c33fc525:1107
[ 1125345ms] [ERROR] [JavaScript Error: "Firefox can’t establish a connection to the server at ws://localhost:5190/ws." {file: "http://localhost:5190/node_modules/.vite/deps/@stomp_stompjs.js?v=c33fc525" line: 1107}] @ http://localhost:5190/node_modules/.vite/deps/@stomp_stompjs.js?v=c33fc525:1107
[ 1182774ms] [ERROR] [JavaScript Error: "Firefox can’t establish a connection to the server at ws://localhost:5190/ws." {file: "http://localhost:5190/node_modules/.vite/deps/@stomp_stompjs.js?v=c33fc525" line: 1107}] @ http://localhost:5190/node_modules/.vite/deps/@stomp_stompjs.js?v=c33fc525:1107
[ 1182775ms] [ERROR] [JavaScript Error: "The connection to ws://localhost:5190/ws was interrupted while the page was loading." {file: "http://localhost:5190/node_modules/.vite/deps/@stomp_stompjs.js?v=c33fc525" line: 1107}] @ http://localhost:5190/node_modules/.vite/deps/@stomp_stompjs.js?v=c33fc525:1107
[ 1185350ms] [ERROR] [JavaScript Error: "Firefox can’t establish a connection to the server at ws://localhost:5190/ws." {file: "http://localhost:5190/node_modules/.vite/deps/@stomp_stompjs.js?v=c33fc525" line: 1107}] @ http://localhost:5190/node_modules/.vite/deps/@stomp_stompjs.js?v=c33fc525:1107
[ 1245359ms] [ERROR] [JavaScript Error: "Firefox can’t establish a connection to the server at ws://localhost:5190/ws." {file: "http://localhost:5190/node_modules/.vite/deps/@stomp_stompjs.js?v=c33fc525" line: 1107}] @ http://localhost:5190/node_modules/.vite/deps/@stomp_stompjs.js?v=c33fc525:1107
[ 1294892ms] [ERROR] [JavaScript Error: "Firefox can’t establish a connection to the server at ws://localhost:5190/ws." {file: "http://localhost:5190/node_modules/.vite/deps/@stomp_stompjs.js?v=c33fc525" line: 1107}] @ http://localhost:5190/node_modules/.vite/deps/@stomp_stompjs.js?v=c33fc525:1107
[ 1294893ms] [ERROR] [JavaScript Error: "The connection to ws://localhost:5190/ws was interrupted while the page was loading." {file: "http://localhost:5190/node_modules/.vite/deps/@stomp_stompjs.js?v=c33fc525" line: 1107}] @ http://localhost:5190/node_modules/.vite/deps/@stomp_stompjs.js?v=c33fc525:1107
[ 1305365ms] [ERROR] [JavaScript Error: "Firefox can’t establish a connection to the server at ws://localhost:5190/ws." {file: "http://localhost:5190/node_modules/.vite/deps/@stomp_stompjs.js?v=c33fc525" line: 1107}] @ http://localhost:5190/node_modules/.vite/deps/@stomp_stompjs.js?v=c33fc525:1107
[ 1312476ms] [ERROR] [JavaScript Error: "Firefox can’t establish a connection to the server at ws://localhost:5190/ws." {file: "http://localhost:5190/node_modules/.vite/deps/@stomp_stompjs.js?v=c33fc525" line: 1107}] @ http://localhost:5190/node_modules/.vite/deps/@stomp_stompjs.js?v=c33fc525:1107
[ 1312476ms] [ERROR] [JavaScript Error: "The connection to ws://localhost:5190/ws was interrupted while the page was loading." {file: "http://localhost:5190/node_modules/.vite/deps/@stomp_stompjs.js?v=c33fc525" line: 1107}] @ http://localhost:5190/node_modules/.vite/deps/@stomp_stompjs.js?v=c33fc525:1107
[ 1365371ms] [ERROR] [JavaScript Error: "Firefox can’t establish a connection to the server at ws://localhost:5190/ws." {file: "http://localhost:5190/node_modules/.vite/deps/@stomp_stompjs.js?v=c33fc525" line: 1107}] @ http://localhost:5190/node_modules/.vite/deps/@stomp_stompjs.js?v=c33fc525:1107
[ 1425383ms] [ERROR] [JavaScript Error: "Firefox can’t establish a connection to the server at ws://localhost:5190/ws." {file: "http://localhost:5190/node_modules/.vite/deps/@stomp_stompjs.js?v=c33fc525" line: 1107}] @ http://localhost:5190/node_modules/.vite/deps/@stomp_stompjs.js?v=c33fc525:1107
[ 1437794ms] [ERROR] [JavaScript Error: "Firefox can’t establish a connection to the server at ws://localhost:5190/ws." {file: "http://localhost:5190/node_modules/.vite/deps/@stomp_stompjs.js?v=c33fc525" line: 1107}] @ http://localhost:5190/node_modules/.vite/deps/@stomp_stompjs.js?v=c33fc525:1107
[ 1437795ms] [ERROR] [JavaScript Error: "The connection to ws://localhost:5190/ws was interrupted while the page was loading." {file: "http://localhost:5190/node_modules/.vite/deps/@stomp_stompjs.js?v=c33fc525" line: 1107}] @ http://localhost:5190/node_modules/.vite/deps/@stomp_stompjs.js?v=c33fc525:1107
[ 1485808ms] [ERROR] [JavaScript Error: "Firefox can’t establish a connection to the server at ws://localhost:5190/ws." {file: "http://localhost:5190/node_modules/.vite/deps/@stomp_stompjs.js?v=c33fc525" line: 1107}] @ http://localhost:5190/node_modules/.vite/deps/@stomp_stompjs.js?v=c33fc525:1107
[ 1545814ms] [ERROR] [JavaScript Error: "Firefox can’t establish a connection to the server at ws://localhost:5190/ws." {file: "http://localhost:5190/node_modules/.vite/deps/@stomp_stompjs.js?v=c33fc525" line: 1107}] @ http://localhost:5190/node_modules/.vite/deps/@stomp_stompjs.js?v=c33fc525:1107
[ 1605820ms] [ERROR] [JavaScript Error: "Firefox can’t establish a connection to the server at ws://localhost:5190/ws." {file: "http://localhost:5190/node_modules/.vite/deps/@stomp_stompjs.js?v=c33fc525" line: 1107}] @ http://localhost:5190/node_modules/.vite/deps/@stomp_stompjs.js?v=c33fc525:1107
[ 1665826ms] [ERROR] [JavaScript Error: "Firefox can’t establish a connection to the server at ws://localhost:5190/ws." {file: "http://localhost:5190/node_modules/.vite/deps/@stomp_stompjs.js?v=c33fc525" line: 1107}] @ http://localhost:5190/node_modules/.vite/deps/@stomp_stompjs.js?v=c33fc525:1107
[ 1725832ms] [ERROR] [JavaScript Error: "Firefox can’t establish a connection to the server at ws://localhost:5190/ws." {file: "http://localhost:5190/node_modules/.vite/deps/@stomp_stompjs.js?v=c33fc525" line: 1107}] @ http://localhost:5190/node_modules/.vite/deps/@stomp_stompjs.js?v=c33fc525:1107
[ 1785845ms] [ERROR] [JavaScript Error: "Firefox can’t establish a connection to the server at ws://localhost:5190/ws." {file: "http://localhost:5190/node_modules/.vite/deps/@stomp_stompjs.js?v=c33fc525" line: 1107}] @ http://localhost:5190/node_modules/.vite/deps/@stomp_stompjs.js?v=c33fc525:1107
[ 1815625ms] [ERROR] [JavaScript Error: "Firefox can’t establish a connection to the server at ws://localhost:5190/ws." {file: "http://localhost:5190/node_modules/.vite/deps/@stomp_stompjs.js?v=c33fc525" line: 1107}] @ http://localhost:5190/node_modules/.vite/deps/@stomp_stompjs.js?v=c33fc525:1107
[ 1815626ms] [ERROR] [JavaScript Error: "The connection to ws://localhost:5190/ws was interrupted while the page was loading." {file: "http://localhost:5190/node_modules/.vite/deps/@stomp_stompjs.js?v=c33fc525" line: 1107}] @ http://localhost:5190/node_modules/.vite/deps/@stomp_stompjs.js?v=c33fc525:1107
[ 1815668ms] [ERROR] [JavaScript Error: "Firefox can’t establish a connection to the server at ws://localhost:5190/ws." {file: "http://localhost:5190/node_modules/.vite/deps/@stomp_stompjs.js?v=c33fc525" line: 1107}] @ http://localhost:5190/node_modules/.vite/deps/@stomp_stompjs.js?v=c33fc525:1107
[ 1815669ms] [ERROR] [JavaScript Error: "The connection to ws://localhost:5190/ws was interrupted while the page was loading." {file: "http://localhost:5190/node_modules/.vite/deps/@stomp_stompjs.js?v=c33fc525" line: 1107}] @ http://localhost:5190/node_modules/.vite/deps/@stomp_stompjs.js?v=c33fc525:1107
[ 1845977ms] [ERROR] [JavaScript Error: "Firefox can’t establish a connection to the server at ws://localhost:5190/ws." {file: "http://localhost:5190/node_modules/.vite/deps/@stomp_stompjs.js?v=c33fc525" line: 1107}] @ http://localhost:5190/node_modules/.vite/deps/@stomp_stompjs.js?v=c33fc525:1107
[ 1906361ms] [ERROR] [JavaScript Error: "Firefox can’t establish a connection to the server at ws://localhost:5190/ws." {file: "http://localhost:5190/node_modules/.vite/deps/@stomp_stompjs.js?v=c33fc525" line: 1107}] @ http://localhost:5190/node_modules/.vite/deps/@stomp_stompjs.js?v=c33fc525:1107
[ 1968404ms] [ERROR] [JavaScript Error: "Firefox can’t establish a connection to the server at ws://localhost:5190/ws." {file: "http://localhost:5190/node_modules/.vite/deps/@stomp_stompjs.js?v=c33fc525" line: 1107}] @ http://localhost:5190/node_modules/.vite/deps/@stomp_stompjs.js?v=c33fc525:1107
[ 2028775ms] [ERROR] [JavaScript Error: "Firefox can’t establish a connection to the server at ws://localhost:5190/ws." {file: "http://localhost:5190/node_modules/.vite/deps/@stomp_stompjs.js?v=c33fc525" line: 1107}] @ http://localhost:5190/node_modules/.vite/deps/@stomp_stompjs.js?v=c33fc525:1107
[ 2065765ms] [ERROR] [JavaScript Error: "Firefox can’t establish a connection to the server at ws://localhost:5190/ws." {file: "http://localhost:5190/node_modules/.vite/deps/@stomp_stompjs.js?v=c33fc525" line: 1107}] @ http://localhost:5190/node_modules/.vite/deps/@stomp_stompjs.js?v=c33fc525:1107
[ 2065765ms] [ERROR] [JavaScript Error: "The connection to ws://localhost:5190/ws was interrupted while the page was loading." {file: "http://localhost:5190/node_modules/.vite/deps/@stomp_stompjs.js?v=c33fc525" line: 1107}] @ http://localhost:5190/node_modules/.vite/deps/@stomp_stompjs.js?v=c33fc525:1107
[ 2088781ms] [ERROR] [JavaScript Error: "Firefox can’t establish a connection to the server at ws://localhost:5190/ws." {file: "http://localhost:5190/node_modules/.vite/deps/@stomp_stompjs.js?v=c33fc525" line: 1107}] @ http://localhost:5190/node_modules/.vite/deps/@stomp_stompjs.js?v=c33fc525:1107
[ 2152399ms] [ERROR] [JavaScript Error: "Firefox can’t establish a connection to the server at ws://localhost:5190/ws." {file: "http://localhost:5190/node_modules/.vite/deps/@stomp_stompjs.js?v=c33fc525" line: 1107}] @ http://localhost:5190/node_modules/.vite/deps/@stomp_stompjs.js?v=c33fc525:1107
[ 2212496ms] [ERROR] [JavaScript Error: "Firefox can’t establish a connection to the server at ws://localhost:5190/ws." {file: "http://localhost:5190/node_modules/.vite/deps/@stomp_stompjs.js?v=c33fc525" line: 1107}] @ http://localhost:5190/node_modules/.vite/deps/@stomp_stompjs.js?v=c33fc525:1107
[ 2272508ms] [ERROR] [JavaScript Error: "Firefox can’t establish a connection to the server at ws://localhost:5190/ws." {file: "http://localhost:5190/node_modules/.vite/deps/@stomp_stompjs.js?v=c33fc525" line: 1107}] @ http://localhost:5190/node_modules/.vite/deps/@stomp_stompjs.js?v=c33fc525:1107
[ 2332514ms] [ERROR] [JavaScript Error: "Firefox can’t establish a connection to the server at ws://localhost:5190/ws." {file: "http://localhost:5190/node_modules/.vite/deps/@stomp_stompjs.js?v=c33fc525" line: 1107}] @ http://localhost:5190/node_modules/.vite/deps/@stomp_stompjs.js?v=c33fc525:1107
[ 2392520ms] [ERROR] [JavaScript Error: "Firefox can’t establish a connection to the server at ws://localhost:5190/ws." {file: "http://localhost:5190/node_modules/.vite/deps/@stomp_stompjs.js?v=c33fc525" line: 1107}] @ http://localhost:5190/node_modules/.vite/deps/@stomp_stompjs.js?v=c33fc525:1107
[ 2452527ms] [ERROR] [JavaScript Error: "Firefox can’t establish a connection to the server at ws://localhost:5190/ws." {file: "http://localhost:5190/node_modules/.vite/deps/@stomp_stompjs.js?v=c33fc525" line: 1107}] @ http://localhost:5190/node_modules/.vite/deps/@stomp_stompjs.js?v=c33fc525:1107
[ 2517616ms] [ERROR] [JavaScript Error: "Firefox can’t establish a connection to the server at ws://localhost:5190/ws." {file: "http://localhost:5190/node_modules/.vite/deps/@stomp_stompjs.js?v=c33fc525" line: 1107}] @ http://localhost:5190/node_modules/.vite/deps/@stomp_stompjs.js?v=c33fc525:1107
[ 2577627ms] [ERROR] [JavaScript Error: "Firefox can’t establish a connection to the server at ws://localhost:5190/ws." {file: "http://localhost:5190/node_modules/.vite/deps/@stomp_stompjs.js?v=c33fc525" line: 1107}] @ http://localhost:5190/node_modules/.vite/deps/@stomp_stompjs.js?v=c33fc525:1107
[ 2637635ms] [ERROR] [JavaScript Error: "Firefox can’t establish a connection to the server at ws://localhost:5190/ws." {file: "http://localhost:5190/node_modules/.vite/deps/@stomp_stompjs.js?v=c33fc525" line: 1107}] @ http://localhost:5190/node_modules/.vite/deps/@stomp_stompjs.js?v=c33fc525:1107
[ 2697642ms] [ERROR] [JavaScript Error: "Firefox can’t establish a connection to the server at ws://localhost:5190/ws." {file: "http://localhost:5190/node_modules/.vite/deps/@stomp_stompjs.js?v=c33fc525" line: 1107}] @ http://localhost:5190/node_modules/.vite/deps/@stomp_stompjs.js?v=c33fc525:1107
[ 2758325ms] [ERROR] [JavaScript Error: "Firefox can’t establish a connection to the server at ws://localhost:5190/ws." {file: "http://localhost:5190/node_modules/.vite/deps/@stomp_stompjs.js?v=c33fc525" line: 1107}] @ http://localhost:5190/node_modules/.vite/deps/@stomp_stompjs.js?v=c33fc525:1107
[ 2818333ms] [ERROR] [JavaScript Error: "Firefox can’t establish a connection to the server at ws://localhost:5190/ws." {file: "http://localhost:5190/node_modules/.vite/deps/@stomp_stompjs.js?v=c33fc525" line: 1107}] @ http://localhost:5190/node_modules/.vite/deps/@stomp_stompjs.js?v=c33fc525:1107
[ 2878341ms] [ERROR] [JavaScript Error: "Firefox can’t establish a connection to the server at ws://localhost:5190/ws." {file: "http://localhost:5190/node_modules/.vite/deps/@stomp_stompjs.js?v=c33fc525" line: 1107}] @ http://localhost:5190/node_modules/.vite/deps/@stomp_stompjs.js?v=c33fc525:1107
[ 2938349ms] [ERROR] [JavaScript Error: "Firefox can’t establish a connection to the server at ws://localhost:5190/ws." {file: "http://localhost:5190/node_modules/.vite/deps/@stomp_stompjs.js?v=c33fc525" line: 1107}] @ http://localhost:5190/node_modules/.vite/deps/@stomp_stompjs.js?v=c33fc525:1107
[ 2998842ms] [ERROR] [JavaScript Error: "Firefox can’t establish a connection to the server at ws://localhost:5190/ws." {file: "http://localhost:5190/node_modules/.vite/deps/@stomp_stompjs.js?v=c33fc525" line: 1107}] @ http://localhost:5190/node_modules/.vite/deps/@stomp_stompjs.js?v=c33fc525:1107
[ 3058848ms] [ERROR] [JavaScript Error: "Firefox can’t establish a connection to the server at ws://localhost:5190/ws." {file: "http://localhost:5190/node_modules/.vite/deps/@stomp_stompjs.js?v=c33fc525" line: 1107}] @ http://localhost:5190/node_modules/.vite/deps/@stomp_stompjs.js?v=c33fc525:1107
[ 3118855ms] [ERROR] [JavaScript Error: "Firefox can’t establish a connection to the server at ws://localhost:5190/ws." {file: "http://localhost:5190/node_modules/.vite/deps/@stomp_stompjs.js?v=c33fc525" line: 1107}] @ http://localhost:5190/node_modules/.vite/deps/@stomp_stompjs.js?v=c33fc525:1107
[ 3178862ms] [ERROR] [JavaScript Error: "Firefox can’t establish a connection to the server at ws://localhost:5190/ws." {file: "http://localhost:5190/node_modules/.vite/deps/@stomp_stompjs.js?v=c33fc525" line: 1107}] @ http://localhost:5190/node_modules/.vite/deps/@stomp_stompjs.js?v=c33fc525:1107
[ 3238867ms] [ERROR] [JavaScript Error: "Firefox can’t establish a connection to the server at ws://localhost:5190/ws." {file: "http://localhost:5190/node_modules/.vite/deps/@stomp_stompjs.js?v=c33fc525" line: 1107}] @ http://localhost:5190/node_modules/.vite/deps/@stomp_stompjs.js?v=c33fc525:1107
[ 3298875ms] [ERROR] [JavaScript Error: "Firefox can’t establish a connection to the server at ws://localhost:5190/ws." {file: "http://localhost:5190/node_modules/.vite/deps/@stomp_stompjs.js?v=c33fc525" line: 1107}] @ http://localhost:5190/node_modules/.vite/deps/@stomp_stompjs.js?v=c33fc525:1107
[ 3358881ms] [ERROR] [JavaScript Error: "Firefox can’t establish a connection to the server at ws://localhost:5190/ws." {file: "http://localhost:5190/node_modules/.vite/deps/@stomp_stompjs.js?v=c33fc525" line: 1107}] @ http://localhost:5190/node_modules/.vite/deps/@stomp_stompjs.js?v=c33fc525:1107
[ 3418888ms] [ERROR] [JavaScript Error: "Firefox can’t establish a connection to the server at ws://localhost:5190/ws." {file: "http://localhost:5190/node_modules/.vite/deps/@stomp_stompjs.js?v=c33fc525" line: 1107}] @ http://localhost:5190/node_modules/.vite/deps/@stomp_stompjs.js?v=c33fc525:1107
[ 3478895ms] [ERROR] [JavaScript Error: "Firefox can’t establish a connection to the server at ws://localhost:5190/ws." {file: "http://localhost:5190/node_modules/.vite/deps/@stomp_stompjs.js?v=c33fc525" line: 1107}] @ http://localhost:5190/node_modules/.vite/deps/@stomp_stompjs.js?v=c33fc525:1107
[ 3538901ms] [ERROR] [JavaScript Error: "Firefox can’t establish a connection to the server at ws://localhost:5190/ws." {file: "http://localhost:5190/node_modules/.vite/deps/@stomp_stompjs.js?v=c33fc525" line: 1107}] @ http://localhost:5190/node_modules/.vite/deps/@stomp_stompjs.js?v=c33fc525:1107
[ 3598907ms] [ERROR] [JavaScript Error: "Firefox can’t establish a connection to the server at ws://localhost:5190/ws." {file: "http://localhost:5190/node_modules/.vite/deps/@stomp_stompjs.js?v=c33fc525" line: 1107}] @ http://localhost:5190/node_modules/.vite/deps/@stomp_stompjs.js?v=c33fc525:1107
[ 3658913ms] [ERROR] [JavaScript Error: "Firefox can’t establish a connection to the server at ws://localhost:5190/ws." {file: "http://localhost:5190/node_modules/.vite/deps/@stomp_stompjs.js?v=c33fc525" line: 1107}] @ http://localhost:5190/node_modules/.vite/deps/@stomp_stompjs.js?v=c33fc525:1107
[ 3718921ms] [ERROR] [JavaScript Error: "Firefox can’t establish a connection to the server at ws://localhost:5190/ws." {file: "http://localhost:5190/node_modules/.vite/deps/@stomp_stompjs.js?v=c33fc525" line: 1107}] @ http://localhost:5190/node_modules/.vite/deps/@stomp_stompjs.js?v=c33fc525:1107
[ 3778928ms] [ERROR] [JavaScript Error: "Firefox can’t establish a connection to the server at ws://localhost:5190/ws." {file: "http://localhost:5190/node_modules/.vite/deps/@stomp_stompjs.js?v=c33fc525" line: 1107}] @ http://localhost:5190/node_modules/.vite/deps/@stomp_stompjs.js?v=c33fc525:1107
[ 3839475ms] [ERROR] [JavaScript Error: "Firefox can’t establish a connection to the server at ws://localhost:5190/ws." {file: "http://localhost:5190/node_modules/.vite/deps/@stomp_stompjs.js?v=c33fc525" line: 1107}] @ http://localhost:5190/node_modules/.vite/deps/@stomp_stompjs.js?v=c33fc525:1107
[ 3899892ms] [ERROR] [JavaScript Error: "Firefox can’t establish a connection to the server at ws://localhost:5190/ws." {file: "http://localhost:5190/node_modules/.vite/deps/@stomp_stompjs.js?v=c33fc525" line: 1107}] @ http://localhost:5190/node_modules/.vite/deps/@stomp_stompjs.js?v=c33fc525:1107
[ 3959900ms] [ERROR] [JavaScript Error: "Firefox can’t establish a connection to the server at ws://localhost:5190/ws." {file: "http://localhost:5190/node_modules/.vite/deps/@stomp_stompjs.js?v=c33fc525" line: 1107}] @ http://localhost:5190/node_modules/.vite/deps/@stomp_stompjs.js?v=c33fc525:1107
[ 4019905ms] [ERROR] [JavaScript Error: "Firefox can’t establish a connection to the server at ws://localhost:5190/ws." {file: "http://localhost:5190/node_modules/.vite/deps/@stomp_stompjs.js?v=c33fc525" line: 1107}] @ http://localhost:5190/node_modules/.vite/deps/@stomp_stompjs.js?v=c33fc525:1107
[ 4079910ms] [ERROR] [JavaScript Error: "Firefox can’t establish a connection to the server at ws://localhost:5190/ws." {file: "http://localhost:5190/node_modules/.vite/deps/@stomp_stompjs.js?v=c33fc525" line: 1107}] @ http://localhost:5190/node_modules/.vite/deps/@stomp_stompjs.js?v=c33fc525:1107
[ 4140508ms] [ERROR] [JavaScript Error: "Firefox can’t establish a connection to the server at ws://localhost:5190/ws." {file: "http://localhost:5190/node_modules/.vite/deps/@stomp_stompjs.js?v=c33fc525" line: 1107}] @ http://localhost:5190/node_modules/.vite/deps/@stomp_stompjs.js?v=c33fc525:1107
[ 4200514ms] [ERROR] [JavaScript Error: "Firefox can’t establish a connection to the server at ws://localhost:5190/ws." {file: "http://localhost:5190/node_modules/.vite/deps/@stomp_stompjs.js?v=c33fc525" line: 1107}] @ http://localhost:5190/node_modules/.vite/deps/@stomp_stompjs.js?v=c33fc525:1107
[ 4260520ms] [ERROR] [JavaScript Error: "Firefox can’t establish a connection to the server at ws://localhost:5190/ws." {file: "http://localhost:5190/node_modules/.vite/deps/@stomp_stompjs.js?v=c33fc525" line: 1107}] @ http://localhost:5190/node_modules/.vite/deps/@stomp_stompjs.js?v=c33fc525:1107
[ 4320527ms] [ERROR] [JavaScript Error: "Firefox can’t establish a connection to the server at ws://localhost:5190/ws." {file: "http://localhost:5190/node_modules/.vite/deps/@stomp_stompjs.js?v=c33fc525" line: 1107}] @ http://localhost:5190/node_modules/.vite/deps/@stomp_stompjs.js?v=c33fc525:1107
[ 4381076ms] [ERROR] [JavaScript Error: "Firefox can’t establish a connection to the server at ws://localhost:5190/ws." {file: "http://localhost:5190/node_modules/.vite/deps/@stomp_stompjs.js?v=c33fc525" line: 1107}] @ http://localhost:5190/node_modules/.vite/deps/@stomp_stompjs.js?v=c33fc525:1107
[ 4441475ms] [ERROR] [JavaScript Error: "Firefox can’t establish a connection to the server at ws://localhost:5190/ws." {file: "http://localhost:5190/node_modules/.vite/deps/@stomp_stompjs.js?v=c33fc525" line: 1107}] @ http://localhost:5190/node_modules/.vite/deps/@stomp_stompjs.js?v=c33fc525:1107
[ 4501480ms] [ERROR] [JavaScript Error: "Firefox can’t establish a connection to the server at ws://localhost:5190/ws." {file: "http://localhost:5190/node_modules/.vite/deps/@stomp_stompjs.js?v=c33fc525" line: 1107}] @ http://localhost:5190/node_modules/.vite/deps/@stomp_stompjs.js?v=c33fc525:1107
[ 4561486ms] [ERROR] [JavaScript Error: "Firefox can’t establish a connection to the server at ws://localhost:5190/ws." {file: "http://localhost:5190/node_modules/.vite/deps/@stomp_stompjs.js?v=c33fc525" line: 1107}] @ http://localhost:5190/node_modules/.vite/deps/@stomp_stompjs.js?v=c33fc525:1107
[ 4621492ms] [ERROR] [JavaScript Error: "Firefox can’t establish a connection to the server at ws://localhost:5190/ws." {file: "http://localhost:5190/node_modules/.vite/deps/@stomp_stompjs.js?v=c33fc525" line: 1107}] @ http://localhost:5190/node_modules/.vite/deps/@stomp_stompjs.js?v=c33fc525:1107
[ 4682091ms] [ERROR] [JavaScript Error: "Firefox can’t establish a connection to the server at ws://localhost:5190/ws." {file: "http://localhost:5190/node_modules/.vite/deps/@stomp_stompjs.js?v=c33fc525" line: 1107}] @ http://localhost:5190/node_modules/.vite/deps/@stomp_stompjs.js?v=c33fc525:1107
[ 4745538ms] [ERROR] [JavaScript Error: "Firefox can’t establish a connection to the server at ws://localhost:5190/ws." {file: "http://localhost:5190/node_modules/.vite/deps/@stomp_stompjs.js?v=c33fc525" line: 1107}] @ http://localhost:5190/node_modules/.vite/deps/@stomp_stompjs.js?v=c33fc525:1107
[ 4805941ms] [ERROR] [JavaScript Error: "Firefox can’t establish a connection to the server at ws://localhost:5190/ws." {file: "http://localhost:5190/node_modules/.vite/deps/@stomp_stompjs.js?v=c33fc525" line: 1107}] @ http://localhost:5190/node_modules/.vite/deps/@stomp_stompjs.js?v=c33fc525:1107
[ 4865947ms] [ERROR] [JavaScript Error: "Firefox can’t establish a connection to the server at ws://localhost:5190/ws." {file: "http://localhost:5190/node_modules/.vite/deps/@stomp_stompjs.js?v=c33fc525" line: 1107}] @ http://localhost:5190/node_modules/.vite/deps/@stomp_stompjs.js?v=c33fc525:1107
[ 4925952ms] [ERROR] [JavaScript Error: "Firefox can’t establish a connection to the server at ws://localhost:5190/ws." {file: "http://localhost:5190/node_modules/.vite/deps/@stomp_stompjs.js?v=c33fc525" line: 1107}] @ http://localhost:5190/node_modules/.vite/deps/@stomp_stompjs.js?v=c33fc525:1107
[ 4985958ms] [ERROR] [JavaScript Error: "Firefox can’t establish a connection to the server at ws://localhost:5190/ws." {file: "http://localhost:5190/node_modules/.vite/deps/@stomp_stompjs.js?v=c33fc525" line: 1107}] @ http://localhost:5190/node_modules/.vite/deps/@stomp_stompjs.js?v=c33fc525:1107
[ 5045962ms] [ERROR] [JavaScript Error: "Firefox can’t establish a connection to the server at ws://localhost:5190/ws." {file: "http://localhost:5190/node_modules/.vite/deps/@stomp_stompjs.js?v=c33fc525" line: 1107}] @ http://localhost:5190/node_modules/.vite/deps/@stomp_stompjs.js?v=c33fc525:1107
[ 5105968ms] [ERROR] [JavaScript Error: "Firefox can’t establish a connection to the server at ws://localhost:5190/ws." {file: "http://localhost:5190/node_modules/.vite/deps/@stomp_stompjs.js?v=c33fc525" line: 1107}] @ http://localhost:5190/node_modules/.vite/deps/@stomp_stompjs.js?v=c33fc525:1107
[ 5165973ms] [ERROR] [JavaScript Error: "Firefox can’t establish a connection to the server at ws://localhost:5190/ws." {file: "http://localhost:5190/node_modules/.vite/deps/@stomp_stompjs.js?v=c33fc525" line: 1107}] @ http://localhost:5190/node_modules/.vite/deps/@stomp_stompjs.js?v=c33fc525:1107
[ 5225980ms] [ERROR] [JavaScript Error: "Firefox can’t establish a connection to the server at ws://localhost:5190/ws." {file: "http://localhost:5190/node_modules/.vite/deps/@stomp_stompjs.js?v=c33fc525" line: 1107}] @ http://localhost:5190/node_modules/.vite/deps/@stomp_stompjs.js?v=c33fc525:1107
[ 5285986ms] [ERROR] [JavaScript Error: "Firefox can’t establish a connection to the server at ws://localhost:5190/ws." {file: "http://localhost:5190/node_modules/.vite/deps/@stomp_stompjs.js?v=c33fc525" line: 1107}] @ http://localhost:5190/node_modules/.vite/deps/@stomp_stompjs.js?v=c33fc525:1107
[ 5345992ms] [ERROR] [JavaScript Error: "Firefox can’t establish a connection to the server at ws://localhost:5190/ws." {file: "http://localhost:5190/node_modules/.vite/deps/@stomp_stompjs.js?v=c33fc525" line: 1107}] @ http://localhost:5190/node_modules/.vite/deps/@stomp_stompjs.js?v=c33fc525:1107
[ 5405999ms] [ERROR] [JavaScript Error: "Firefox can’t establish a connection to the server at ws://localhost:5190/ws." {file: "http://localhost:5190/node_modules/.vite/deps/@stomp_stompjs.js?v=c33fc525" line: 1107}] @ http://localhost:5190/node_modules/.vite/deps/@stomp_stompjs.js?v=c33fc525:1107
[ 5466003ms] [ERROR] [JavaScript Error: "Firefox can’t establish a connection to the server at ws://localhost:5190/ws." {file: "http://localhost:5190/node_modules/.vite/deps/@stomp_stompjs.js?v=c33fc525" line: 1107}] @ http://localhost:5190/node_modules/.vite/deps/@stomp_stompjs.js?v=c33fc525:1107
[ 5526009ms] [ERROR] [JavaScript Error: "Firefox can’t establish a connection to the server at ws://localhost:5190/ws." {file: "http://localhost:5190/node_modules/.vite/deps/@stomp_stompjs.js?v=c33fc525" line: 1107}] @ http://localhost:5190/node_modules/.vite/deps/@stomp_stompjs.js?v=c33fc525:1107
[ 5586015ms] [ERROR] [JavaScript Error: "Firefox can’t establish a connection to the server at ws://localhost:5190/ws." {file: "http://localhost:5190/node_modules/.vite/deps/@stomp_stompjs.js?v=c33fc525" line: 1107}] @ http://localhost:5190/node_modules/.vite/deps/@stomp_stompjs.js?v=c33fc525:1107
[ 5646557ms] [ERROR] [JavaScript Error: "Firefox can’t establish a connection to the server at ws://localhost:5190/ws." {file: "http://localhost:5190/node_modules/.vite/deps/@stomp_stompjs.js?v=c33fc525" line: 1107}] @ http://localhost:5190/node_modules/.vite/deps/@stomp_stompjs.js?v=c33fc525:1107
[ 5706562ms] [ERROR] [JavaScript Error: "Firefox can’t establish a connection to the server at ws://localhost:5190/ws." {file: "http://localhost:5190/node_modules/.vite/deps/@stomp_stompjs.js?v=c33fc525" line: 1107}] @ http://localhost:5190/node_modules/.vite/deps/@stomp_stompjs.js?v=c33fc525:1107
[ 5767111ms] [ERROR] [JavaScript Error: "Firefox can’t establish a connection to the server at ws://localhost:5190/ws." {file: "http://localhost:5190/node_modules/.vite/deps/@stomp_stompjs.js?v=c33fc525" line: 1107}] @ http://localhost:5190/node_modules/.vite/deps/@stomp_stompjs.js?v=c33fc525:1107
[ 5827118ms] [ERROR] [JavaScript Error: "Firefox can’t establish a connection to the server at ws://localhost:5190/ws." {file: "http://localhost:5190/node_modules/.vite/deps/@stomp_stompjs.js?v=c33fc525" line: 1107}] @ http://localhost:5190/node_modules/.vite/deps/@stomp_stompjs.js?v=c33fc525:1107
[ 5887124ms] [ERROR] [JavaScript Error: "Firefox can’t establish a connection to the server at ws://localhost:5190/ws." {file: "http://localhost:5190/node_modules/.vite/deps/@stomp_stompjs.js?v=c33fc525" line: 1107}] @ http://localhost:5190/node_modules/.vite/deps/@stomp_stompjs.js?v=c33fc525:1107
[ 5947132ms] [ERROR] [JavaScript Error: "Firefox can’t establish a connection to the server at ws://localhost:5190/ws." {file: "http://localhost:5190/node_modules/.vite/deps/@stomp_stompjs.js?v=c33fc525" line: 1107}] @ http://localhost:5190/node_modules/.vite/deps/@stomp_stompjs.js?v=c33fc525:1107
[ 6007138ms] [ERROR] [JavaScript Error: "Firefox can’t establish a connection to the server at ws://localhost:5190/ws." {file: "http://localhost:5190/node_modules/.vite/deps/@stomp_stompjs.js?v=c33fc525" line: 1107}] @ http://localhost:5190/node_modules/.vite/deps/@stomp_stompjs.js?v=c33fc525:1107
[ 6067144ms] [ERROR] [JavaScript Error: "Firefox can’t establish a connection to the server at ws://localhost:5190/ws." {file: "http://localhost:5190/node_modules/.vite/deps/@stomp_stompjs.js?v=c33fc525" line: 1107}] @ http://localhost:5190/node_modules/.vite/deps/@stomp_stompjs.js?v=c33fc525:1107
[ 6127151ms] [ERROR] [JavaScript Error: "Firefox can’t establish a connection to the server at ws://localhost:5190/ws." {file: "http://localhost:5190/node_modules/.vite/deps/@stomp_stompjs.js?v=c33fc525" line: 1107}] @ http://localhost:5190/node_modules/.vite/deps/@stomp_stompjs.js?v=c33fc525:1107
[ 6187156ms] [ERROR] [JavaScript Error: "Firefox can’t establish a connection to the server at ws://localhost:5190/ws." {file: "http://localhost:5190/node_modules/.vite/deps/@stomp_stompjs.js?v=c33fc525" line: 1107}] @ http://localhost:5190/node_modules/.vite/deps/@stomp_stompjs.js?v=c33fc525:1107
[ 6247162ms] [ERROR] [JavaScript Error: "Firefox can’t establish a connection to the server at ws://localhost:5190/ws." {file: "http://localhost:5190/node_modules/.vite/deps/@stomp_stompjs.js?v=c33fc525" line: 1107}] @ http://localhost:5190/node_modules/.vite/deps/@stomp_stompjs.js?v=c33fc525:1107
[ 6307167ms] [ERROR] [JavaScript Error: "Firefox can’t establish a connection to the server at ws://localhost:5190/ws." {file: "http://localhost:5190/node_modules/.vite/deps/@stomp_stompjs.js?v=c33fc525" line: 1107}] @ http://localhost:5190/node_modules/.vite/deps/@stomp_stompjs.js?v=c33fc525:1107
[ 6367172ms] [ERROR] [JavaScript Error: "Firefox can’t establish a connection to the server at ws://localhost:5190/ws." {file: "http://localhost:5190/node_modules/.vite/deps/@stomp_stompjs.js?v=c33fc525" line: 1107}] @ http://localhost:5190/node_modules/.vite/deps/@stomp_stompjs.js?v=c33fc525:1107
[ 6427177ms] [ERROR] [JavaScript Error: "Firefox can’t establish a connection to the server at ws://localhost:5190/ws." {file: "http://localhost:5190/node_modules/.vite/deps/@stomp_stompjs.js?v=c33fc525" line: 1107}] @ http://localhost:5190/node_modules/.vite/deps/@stomp_stompjs.js?v=c33fc525:1107
[ 6487184ms] [ERROR] [JavaScript Error: "Firefox can’t establish a connection to the server at ws://localhost:5190/ws." {file: "http://localhost:5190/node_modules/.vite/deps/@stomp_stompjs.js?v=c33fc525" line: 1107}] @ http://localhost:5190/node_modules/.vite/deps/@stomp_stompjs.js?v=c33fc525:1107
[ 6547189ms] [ERROR] [JavaScript Error: "Firefox can’t establish a connection to the server at ws://localhost:5190/ws." {file: "http://localhost:5190/node_modules/.vite/deps/@stomp_stompjs.js?v=c33fc525" line: 1107}] @ http://localhost:5190/node_modules/.vite/deps/@stomp_stompjs.js?v=c33fc525:1107
[ 6607195ms] [ERROR] [JavaScript Error: "Firefox can’t establish a connection to the server at ws://localhost:5190/ws." {file: "http://localhost:5190/node_modules/.vite/deps/@stomp_stompjs.js?v=c33fc525" line: 1107}] @ http://localhost:5190/node_modules/.vite/deps/@stomp_stompjs.js?v=c33fc525:1107
[ 6667201ms] [ERROR] [JavaScript Error: "Firefox can’t establish a connection to the server at ws://localhost:5190/ws." {file: "http://localhost:5190/node_modules/.vite/deps/@stomp_stompjs.js?v=c33fc525" line: 1107}] @ http://localhost:5190/node_modules/.vite/deps/@stomp_stompjs.js?v=c33fc525:1107
[ 6727206ms] [ERROR] [JavaScript Error: "Firefox can’t establish a connection to the server at ws://localhost:5190/ws." {file: "http://localhost:5190/node_modules/.vite/deps/@stomp_stompjs.js?v=c33fc525" line: 1107}] @ http://localhost:5190/node_modules/.vite/deps/@stomp_stompjs.js?v=c33fc525:1107
[ 6787213ms] [ERROR] [JavaScript Error: "Firefox can’t establish a connection to the server at ws://localhost:5190/ws." {file: "http://localhost:5190/node_modules/.vite/deps/@stomp_stompjs.js?v=c33fc525" line: 1107}] @ http://localhost:5190/node_modules/.vite/deps/@stomp_stompjs.js?v=c33fc525:1107
[ 6847219ms] [ERROR] [JavaScript Error: "Firefox can’t establish a connection to the server at ws://localhost:5190/ws." {file: "http://localhost:5190/node_modules/.vite/deps/@stomp_stompjs.js?v=c33fc525" line: 1107}] @ http://localhost:5190/node_modules/.vite/deps/@stomp_stompjs.js?v=c33fc525:1107
[ 6907225ms] [ERROR] [JavaScript Error: "Firefox can’t establish a connection to the server at ws://localhost:5190/ws." {file: "http://localhost:5190/node_modules/.vite/deps/@stomp_stompjs.js?v=c33fc525" line: 1107}] @ http://localhost:5190/node_modules/.vite/deps/@stomp_stompjs.js?v=c33fc525:1107
[ 6967231ms] [ERROR] [JavaScript Error: "Firefox can’t establish a connection to the server at ws://localhost:5190/ws." {file: "http://localhost:5190/node_modules/.vite/deps/@stomp_stompjs.js?v=c33fc525" line: 1107}] @ http://localhost:5190/node_modules/.vite/deps/@stomp_stompjs.js?v=c33fc525:1107
[ 7027236ms] [ERROR] [JavaScript Error: "Firefox can’t establish a connection to the server at ws://localhost:5190/ws." {file: "http://localhost:5190/node_modules/.vite/deps/@stomp_stompjs.js?v=c33fc525" line: 1107}] @ http://localhost:5190/node_modules/.vite/deps/@stomp_stompjs.js?v=c33fc525:1107
[ 7087242ms] [ERROR] [JavaScript Error: "Firefox can’t establish a connection to the server at ws://localhost:5190/ws." {file: "http://localhost:5190/node_modules/.vite/deps/@stomp_stompjs.js?v=c33fc525" line: 1107}] @ http://localhost:5190/node_modules/.vite/deps/@stomp_stompjs.js?v=c33fc525:1107
[ 7147248ms] [ERROR] [JavaScript Error: "Firefox can’t establish a connection to the server at ws://localhost:5190/ws." {file: "http://localhost:5190/node_modules/.vite/deps/@stomp_stompjs.js?v=c33fc525" line: 1107}] @ http://localhost:5190/node_modules/.vite/deps/@stomp_stompjs.js?v=c33fc525:1107
[ 7207265ms] [ERROR] [JavaScript Error: "Firefox can’t establish a connection to the server at ws://localhost:5190/ws." {file: "http://localhost:5190/node_modules/.vite/deps/@stomp_stompjs.js?v=c33fc525" line: 1107}] @ http://localhost:5190/node_modules/.vite/deps/@stomp_stompjs.js?v=c33fc525:1107
[ 7267270ms] [ERROR] [JavaScript Error: "Firefox can’t establish a connection to the server at ws://localhost:5190/ws." {file: "http://localhost:5190/node_modules/.vite/deps/@stomp_stompjs.js?v=c33fc525" line: 1107}] @ http://localhost:5190/node_modules/.vite/deps/@stomp_stompjs.js?v=c33fc525:1107
[ 7327275ms] [ERROR] [JavaScript Error: "Firefox can’t establish a connection to the server at ws://localhost:5190/ws." {file: "http://localhost:5190/node_modules/.vite/deps/@stomp_stompjs.js?v=c33fc525" line: 1107}] @ http://localhost:5190/node_modules/.vite/deps/@stomp_stompjs.js?v=c33fc525:1107
[ 7387280ms] [ERROR] [JavaScript Error: "Firefox can’t establish a connection to the server at ws://localhost:5190/ws." {file: "http://localhost:5190/node_modules/.vite/deps/@stomp_stompjs.js?v=c33fc525" line: 1107}] @ http://localhost:5190/node_modules/.vite/deps/@stomp_stompjs.js?v=c33fc525:1107
[ 7447558ms] [ERROR] [JavaScript Error: "Firefox can’t establish a connection to the server at ws://localhost:5190/ws." {file: "http://localhost:5190/node_modules/.vite/deps/@stomp_stompjs.js?v=c33fc525" line: 1107}] @ http://localhost:5190/node_modules/.vite/deps/@stomp_stompjs.js?v=c33fc525:1107
[ 7511577ms] [ERROR] [JavaScript Error: "Firefox can’t establish a connection to the server at ws://localhost:5190/ws." {file: "http://localhost:5190/node_modules/.vite/deps/@stomp_stompjs.js?v=c33fc525" line: 1107}] @ http://localhost:5190/node_modules/.vite/deps/@stomp_stompjs.js?v=c33fc525:1107
[ 7572375ms] [ERROR] [JavaScript Error: "Firefox can’t establish a connection to the server at ws://localhost:5190/ws." {file: "http://localhost:5190/node_modules/.vite/deps/@stomp_stompjs.js?v=c33fc525" line: 1107}] @ http://localhost:5190/node_modules/.vite/deps/@stomp_stompjs.js?v=c33fc525:1107
[ 7632382ms] [ERROR] [JavaScript Error: "Firefox can’t establish a connection to the server at ws://localhost:5190/ws." {file: "http://localhost:5190/node_modules/.vite/deps/@stomp_stompjs.js?v=c33fc525" line: 1107}] @ http://localhost:5190/node_modules/.vite/deps/@stomp_stompjs.js?v=c33fc525:1107
[ 7692388ms] [ERROR] [JavaScript Error: "Firefox can’t establish a connection to the server at ws://localhost:5190/ws." {file: "http://localhost:5190/node_modules/.vite/deps/@stomp_stompjs.js?v=c33fc525" line: 1107}] @ http://localhost:5190/node_modules/.vite/deps/@stomp_stompjs.js?v=c33fc525:1107
[ 7752393ms] [ERROR] [JavaScript Error: "Firefox can’t establish a connection to the server at ws://localhost:5190/ws." {file: "http://localhost:5190/node_modules/.vite/deps/@stomp_stompjs.js?v=c33fc525" line: 1107}] @ http://localhost:5190/node_modules/.vite/deps/@stomp_stompjs.js?v=c33fc525:1107
[ 7812399ms] [ERROR] [JavaScript Error: "Firefox can’t establish a connection to the server at ws://localhost:5190/ws." {file: "http://localhost:5190/node_modules/.vite/deps/@stomp_stompjs.js?v=c33fc525" line: 1107}] @ http://localhost:5190/node_modules/.vite/deps/@stomp_stompjs.js?v=c33fc525:1107
[ 7872406ms] [ERROR] [JavaScript Error: "Firefox can’t establish a connection to the server at ws://localhost:5190/ws." {file: "http://localhost:5190/node_modules/.vite/deps/@stomp_stompjs.js?v=c33fc525" line: 1107}] @ http://localhost:5190/node_modules/.vite/deps/@stomp_stompjs.js?v=c33fc525:1107
[ 7932412ms] [ERROR] [JavaScript Error: "Firefox can’t establish a connection to the server at ws://localhost:5190/ws." {file: "http://localhost:5190/node_modules/.vite/deps/@stomp_stompjs.js?v=c33fc525" line: 1107}] @ http://localhost:5190/node_modules/.vite/deps/@stomp_stompjs.js?v=c33fc525:1107
[ 7992419ms] [ERROR] [JavaScript Error: "Firefox can’t establish a connection to the server at ws://localhost:5190/ws." {file: "http://localhost:5190/node_modules/.vite/deps/@stomp_stompjs.js?v=c33fc525" line: 1107}] @ http://localhost:5190/node_modules/.vite/deps/@stomp_stompjs.js?v=c33fc525:1107
[ 8052424ms] [ERROR] [JavaScript Error: "Firefox can’t establish a connection to the server at ws://localhost:5190/ws." {file: "http://localhost:5190/node_modules/.vite/deps/@stomp_stompjs.js?v=c33fc525" line: 1107}] @ http://localhost:5190/node_modules/.vite/deps/@stomp_stompjs.js?v=c33fc525:1107
[ 8112430ms] [ERROR] [JavaScript Error: "Firefox can’t establish a connection to the server at ws://localhost:5190/ws." {file: "http://localhost:5190/node_modules/.vite/deps/@stomp_stompjs.js?v=c33fc525" line: 1107}] @ http://localhost:5190/node_modules/.vite/deps/@stomp_stompjs.js?v=c33fc525:1107
[ 8172438ms] [ERROR] [JavaScript Error: "Firefox can’t establish a connection to the server at ws://localhost:5190/ws." {file: "http://localhost:5190/node_modules/.vite/deps/@stomp_stompjs.js?v=c33fc525" line: 1107}] @ http://localhost:5190/node_modules/.vite/deps/@stomp_stompjs.js?v=c33fc525:1107
[ 8232444ms] [ERROR] [JavaScript Error: "Firefox can’t establish a connection to the server at ws://localhost:5190/ws." {file: "http://localhost:5190/node_modules/.vite/deps/@stomp_stompjs.js?v=c33fc525" line: 1107}] @ http://localhost:5190/node_modules/.vite/deps/@stomp_stompjs.js?v=c33fc525:1107
[ 8292451ms] [ERROR] [JavaScript Error: "Firefox can’t establish a connection to the server at ws://localhost:5190/ws." {file: "http://localhost:5190/node_modules/.vite/deps/@stomp_stompjs.js?v=c33fc525" line: 1107}] @ http://localhost:5190/node_modules/.vite/deps/@stomp_stompjs.js?v=c33fc525:1107
[ 8352456ms] [ERROR] [JavaScript Error: "Firefox can’t establish a connection to the server at ws://localhost:5190/ws." {file: "http://localhost:5190/node_modules/.vite/deps/@stomp_stompjs.js?v=c33fc525" line: 1107}] @ http://localhost:5190/node_modules/.vite/deps/@stomp_stompjs.js?v=c33fc525:1107
[ 8412677ms] [ERROR] [JavaScript Error: "Firefox can’t establish a connection to the server at ws://localhost:5190/ws." {file: "http://localhost:5190/node_modules/.vite/deps/@stomp_stompjs.js?v=c33fc525" line: 1107}] @ http://localhost:5190/node_modules/.vite/deps/@stomp_stompjs.js?v=c33fc525:1107
[ 8473441ms] [ERROR] [JavaScript Error: "Firefox can’t establish a connection to the server at ws://localhost:5190/ws." {file: "http://localhost:5190/node_modules/.vite/deps/@stomp_stompjs.js?v=c33fc525" line: 1107}] @ http://localhost:5190/node_modules/.vite/deps/@stomp_stompjs.js?v=c33fc525:1107
[ 8533825ms] [ERROR] [JavaScript Error: "Firefox can’t establish a connection to the server at ws://localhost:5190/ws." {file: "http://localhost:5190/node_modules/.vite/deps/@stomp_stompjs.js?v=c33fc525" line: 1107}] @ http://localhost:5190/node_modules/.vite/deps/@stomp_stompjs.js?v=c33fc525:1107
[ 8593831ms] [ERROR] [JavaScript Error: "Firefox can’t establish a connection to the server at ws://localhost:5190/ws." {file: "http://localhost:5190/node_modules/.vite/deps/@stomp_stompjs.js?v=c33fc525" line: 1107}] @ http://localhost:5190/node_modules/.vite/deps/@stomp_stompjs.js?v=c33fc525:1107
[ 8653837ms] [ERROR] [JavaScript Error: "Firefox can’t establish a connection to the server at ws://localhost:5190/ws." {file: "http://localhost:5190/node_modules/.vite/deps/@stomp_stompjs.js?v=c33fc525" line: 1107}] @ http://localhost:5190/node_modules/.vite/deps/@stomp_stompjs.js?v=c33fc525:1107
[ 8713843ms] [ERROR] [JavaScript Error: "Firefox can’t establish a connection to the server at ws://localhost:5190/ws." {file: "http://localhost:5190/node_modules/.vite/deps/@stomp_stompjs.js?v=c33fc525" line: 1107}] @ http://localhost:5190/node_modules/.vite/deps/@stomp_stompjs.js?v=c33fc525:1107
[ 8774409ms] [ERROR] [JavaScript Error: "Firefox can’t establish a connection to the server at ws://localhost:5190/ws." {file: "http://localhost:5190/node_modules/.vite/deps/@stomp_stompjs.js?v=c33fc525" line: 1107}] @ http://localhost:5190/node_modules/.vite/deps/@stomp_stompjs.js?v=c33fc525:1107
[ 8834414ms] [ERROR] [JavaScript Error: "Firefox can’t establish a connection to the server at ws://localhost:5190/ws." {file: "http://localhost:5190/node_modules/.vite/deps/@stomp_stompjs.js?v=c33fc525" line: 1107}] @ http://localhost:5190/node_modules/.vite/deps/@stomp_stompjs.js?v=c33fc525:1107
[ 8894420ms] [ERROR] [JavaScript Error: "Firefox can’t establish a connection to the server at ws://localhost:5190/ws." {file: "http://localhost:5190/node_modules/.vite/deps/@stomp_stompjs.js?v=c33fc525" line: 1107}] @ http://localhost:5190/node_modules/.vite/deps/@stomp_stompjs.js?v=c33fc525:1107
[ 8954425ms] [ERROR] [JavaScript Error: "Firefox can’t establish a connection to the server at ws://localhost:5190/ws." {file: "http://localhost:5190/node_modules/.vite/deps/@stomp_stompjs.js?v=c33fc525" line: 1107}] @ http://localhost:5190/node_modules/.vite/deps/@stomp_stompjs.js?v=c33fc525:1107
[ 9014431ms] [ERROR] [JavaScript Error: "Firefox can’t establish a connection to the server at ws://localhost:5190/ws." {file: "http://localhost:5190/node_modules/.vite/deps/@stomp_stompjs.js?v=c33fc525" line: 1107}] @ http://localhost:5190/node_modules/.vite/deps/@stomp_stompjs.js?v=c33fc525:1107
[ 9074436ms] [ERROR] [JavaScript Error: "Firefox can’t establish a connection to the server at ws://localhost:5190/ws." {file: "http://localhost:5190/node_modules/.vite/deps/@stomp_stompjs.js?v=c33fc525" line: 1107}] @ http://localhost:5190/node_modules/.vite/deps/@stomp_stompjs.js?v=c33fc525:1107
[ 9134443ms] [ERROR] [JavaScript Error: "Firefox can’t establish a connection to the server at ws://localhost:5190/ws." {file: "http://localhost:5190/node_modules/.vite/deps/@stomp_stompjs.js?v=c33fc525" line: 1107}] @ http://localhost:5190/node_modules/.vite/deps/@stomp_stompjs.js?v=c33fc525:1107
[ 9194448ms] [ERROR] [JavaScript Error: "Firefox can’t establish a connection to the server at ws://localhost:5190/ws." {file: "http://localhost:5190/node_modules/.vite/deps/@stomp_stompjs.js?v=c33fc525" line: 1107}] @ http://localhost:5190/node_modules/.vite/deps/@stomp_stompjs.js?v=c33fc525:1107
[ 9254454ms] [ERROR] [JavaScript Error: "Firefox can’t establish a connection to the server at ws://localhost:5190/ws." {file: "http://localhost:5190/node_modules/.vite/deps/@stomp_stompjs.js?v=c33fc525" line: 1107}] @ http://localhost:5190/node_modules/.vite/deps/@stomp_stompjs.js?v=c33fc525:1107
[ 9315093ms] [ERROR] [JavaScript Error: "Firefox can’t establish a connection to the server at ws://localhost:5190/ws." {file: "http://localhost:5190/node_modules/.vite/deps/@stomp_stompjs.js?v=c33fc525" line: 1107}] @ http://localhost:5190/node_modules/.vite/deps/@stomp_stompjs.js?v=c33fc525:1107
[ 9375524ms] [ERROR] [JavaScript Error: "Firefox can’t establish a connection to the server at ws://localhost:5190/ws." {file: "http://localhost:5190/node_modules/.vite/deps/@stomp_stompjs.js?v=c33fc525" line: 1107}] @ http://localhost:5190/node_modules/.vite/deps/@stomp_stompjs.js?v=c33fc525:1107
[ 9438567ms] [ERROR] [JavaScript Error: "Firefox can’t establish a connection to the server at ws://localhost:5190/ws." {file: "http://localhost:5190/node_modules/.vite/deps/@stomp_stompjs.js?v=c33fc525" line: 1107}] @ http://localhost:5190/node_modules/.vite/deps/@stomp_stompjs.js?v=c33fc525:1107
[ 9499375ms] [ERROR] [JavaScript Error: "Firefox can’t establish a connection to the server at ws://localhost:5190/ws." {file: "http://localhost:5190/node_modules/.vite/deps/@stomp_stompjs.js?v=c33fc525" line: 1107}] @ http://localhost:5190/node_modules/.vite/deps/@stomp_stompjs.js?v=c33fc525:1107
[ 9562667ms] [ERROR] [JavaScript Error: "Firefox can’t establish a connection to the server at ws://localhost:5190/ws." {file: "http://localhost:5190/node_modules/.vite/deps/@stomp_stompjs.js?v=c33fc525" line: 1107}] @ http://localhost:5190/node_modules/.vite/deps/@stomp_stompjs.js?v=c33fc525:1107
[ 9623243ms] [ERROR] [JavaScript Error: "Firefox can’t establish a connection to the server at ws://localhost:5190/ws." {file: "http://localhost:5190/node_modules/.vite/deps/@stomp_stompjs.js?v=c33fc525" line: 1107}] @ http://localhost:5190/node_modules/.vite/deps/@stomp_stompjs.js?v=c33fc525:1107
[ 9683607ms] [ERROR] [JavaScript Error: "Firefox can’t establish a connection to the server at ws://localhost:5190/ws." {file: "http://localhost:5190/node_modules/.vite/deps/@stomp_stompjs.js?v=c33fc525" line: 1107}] @ http://localhost:5190/node_modules/.vite/deps/@stomp_stompjs.js?v=c33fc525:1107
[ 9743613ms] [ERROR] [JavaScript Error: "Firefox can’t establish a connection to the server at ws://localhost:5190/ws." {file: "http://localhost:5190/node_modules/.vite/deps/@stomp_stompjs.js?v=c33fc525" line: 1107}] @ http://localhost:5190/node_modules/.vite/deps/@stomp_stompjs.js?v=c33fc525:1107
[ 9803620ms] [ERROR] [JavaScript Error: "Firefox can’t establish a connection to the server at ws://localhost:5190/ws." {file: "http://localhost:5190/node_modules/.vite/deps/@stomp_stompjs.js?v=c33fc525" line: 1107}] @ http://localhost:5190/node_modules/.vite/deps/@stomp_stompjs.js?v=c33fc525:1107
[ 9863625ms] [ERROR] [JavaScript Error: "Firefox can’t establish a connection to the server at ws://localhost:5190/ws." {file: "http://localhost:5190/node_modules/.vite/deps/@stomp_stompjs.js?v=c33fc525" line: 1107}] @ http://localhost:5190/node_modules/.vite/deps/@stomp_stompjs.js?v=c33fc525:1107
[ 9923631ms] [ERROR] [JavaScript Error: "Firefox can’t establish a connection to the server at ws://localhost:5190/ws." {file: "http://localhost:5190/node_modules/.vite/deps/@stomp_stompjs.js?v=c33fc525" line: 1107}] @ http://localhost:5190/node_modules/.vite/deps/@stomp_stompjs.js?v=c33fc525:1107
[ 9983637ms] [ERROR] [JavaScript Error: "Firefox can’t establish a connection to the server at ws://localhost:5190/ws." {file: "http://localhost:5190/node_modules/.vite/deps/@stomp_stompjs.js?v=c33fc525" line: 1107}] @ http://localhost:5190/node_modules/.vite/deps/@stomp_stompjs.js?v=c33fc525:1107
[10043642ms] [ERROR] [JavaScript Error: "Firefox can’t establish a connection to the server at ws://localhost:5190/ws." {file: "http://localhost:5190/node_modules/.vite/deps/@stomp_stompjs.js?v=c33fc525" line: 1107}] @ http://localhost:5190/node_modules/.vite/deps/@stomp_stompjs.js?v=c33fc525:1107
[10103648ms] [ERROR] [JavaScript Error: "Firefox can’t establish a connection to the server at ws://localhost:5190/ws." {file: "http://localhost:5190/node_modules/.vite/deps/@stomp_stompjs.js?v=c33fc525" line: 1107}] @ http://localhost:5190/node_modules/.vite/deps/@stomp_stompjs.js?v=c33fc525:1107
[10163654ms] [ERROR] [JavaScript Error: "Firefox can’t establish a connection to the server at ws://localhost:5190/ws." {file: "http://localhost:5190/node_modules/.vite/deps/@stomp_stompjs.js?v=c33fc525" line: 1107}] @ http://localhost:5190/node_modules/.vite/deps/@stomp_stompjs.js?v=c33fc525:1107
[10223661ms] [ERROR] [JavaScript Error: "Firefox can’t establish a connection to the server at ws://localhost:5190/ws." {file: "http://localhost:5190/node_modules/.vite/deps/@stomp_stompjs.js?v=c33fc525" line: 1107}] @ http://localhost:5190/node_modules/.vite/deps/@stomp_stompjs.js?v=c33fc525:1107
[10283666ms] [ERROR] [JavaScript Error: "Firefox can’t establish a connection to the server at ws://localhost:5190/ws." {file: "http://localhost:5190/node_modules/.vite/deps/@stomp_stompjs.js?v=c33fc525" line: 1107}] @ http://localhost:5190/node_modules/.vite/deps/@stomp_stompjs.js?v=c33fc525:1107
[10343673ms] [ERROR] [JavaScript Error: "Firefox can’t establish a connection to the server at ws://localhost:5190/ws." {file: "http://localhost:5190/node_modules/.vite/deps/@stomp_stompjs.js?v=c33fc525" line: 1107}] @ http://localhost:5190/node_modules/.vite/deps/@stomp_stompjs.js?v=c33fc525:1107
[10403680ms] [ERROR] [JavaScript Error: "Firefox can’t establish a connection to the server at ws://localhost:5190/ws." {file: "http://localhost:5190/node_modules/.vite/deps/@stomp_stompjs.js?v=c33fc525" line: 1107}] @ http://localhost:5190/node_modules/.vite/deps/@stomp_stompjs.js?v=c33fc525:1107
[10463876ms] [ERROR] [JavaScript Error: "Firefox can’t establish a connection to the server at ws://localhost:5190/ws." {file: "http://localhost:5190/node_modules/.vite/deps/@stomp_stompjs.js?v=c33fc525" line: 1107}] @ http://localhost:5190/node_modules/.vite/deps/@stomp_stompjs.js?v=c33fc525:1107
[10524275ms] [ERROR] [JavaScript Error: "Firefox can’t establish a connection to the server at ws://localhost:5190/ws." {file: "http://localhost:5190/node_modules/.vite/deps/@stomp_stompjs.js?v=c33fc525" line: 1107}] @ http://localhost:5190/node_modules/.vite/deps/@stomp_stompjs.js?v=c33fc525:1107
[10584692ms] [ERROR] [JavaScript Error: "Firefox can’t establish a connection to the server at ws://localhost:5190/ws." {file: "http://localhost:5190/node_modules/.vite/deps/@stomp_stompjs.js?v=c33fc525" line: 1107}] @ http://localhost:5190/node_modules/.vite/deps/@stomp_stompjs.js?v=c33fc525:1107
[10644699ms] [ERROR] [JavaScript Error: "Firefox can’t establish a connection to the server at ws://localhost:5190/ws." {file: "http://localhost:5190/node_modules/.vite/deps/@stomp_stompjs.js?v=c33fc525" line: 1107}] @ http://localhost:5190/node_modules/.vite/deps/@stomp_stompjs.js?v=c33fc525:1107
[10704703ms] [ERROR] [JavaScript Error: "Firefox can’t establish a connection to the server at ws://localhost:5190/ws." {file: "http://localhost:5190/node_modules/.vite/deps/@stomp_stompjs.js?v=c33fc525" line: 1107}] @ http://localhost:5190/node_modules/.vite/deps/@stomp_stompjs.js?v=c33fc525:1107
[10764710ms] [ERROR] [JavaScript Error: "Firefox can’t establish a connection to the server at ws://localhost:5190/ws." {file: "http://localhost:5190/node_modules/.vite/deps/@stomp_stompjs.js?v=c33fc525" line: 1107}] @ http://localhost:5190/node_modules/.vite/deps/@stomp_stompjs.js?v=c33fc525:1107
[10824715ms] [ERROR] [JavaScript Error: "Firefox can’t establish a connection to the server at ws://localhost:5190/ws." {file: "http://localhost:5190/node_modules/.vite/deps/@stomp_stompjs.js?v=c33fc525" line: 1107}] @ http://localhost:5190/node_modules/.vite/deps/@stomp_stompjs.js?v=c33fc525:1107
[10884722ms] [ERROR] [JavaScript Error: "Firefox can’t establish a connection to the server at ws://localhost:5190/ws." {file: "http://localhost:5190/node_modules/.vite/deps/@stomp_stompjs.js?v=c33fc525" line: 1107}] @ http://localhost:5190/node_modules/.vite/deps/@stomp_stompjs.js?v=c33fc525:1107
[10944728ms] [ERROR] [JavaScript Error: "Firefox can’t establish a connection to the server at ws://localhost:5190/ws." {file: "http://localhost:5190/node_modules/.vite/deps/@stomp_stompjs.js?v=c33fc525" line: 1107}] @ http://localhost:5190/node_modules/.vite/deps/@stomp_stompjs.js?v=c33fc525:1107
[11004733ms] [ERROR] [JavaScript Error: "Firefox can’t establish a connection to the server at ws://localhost:5190/ws." {file: "http://localhost:5190/node_modules/.vite/deps/@stomp_stompjs.js?v=c33fc525" line: 1107}] @ http://localhost:5190/node_modules/.vite/deps/@stomp_stompjs.js?v=c33fc525:1107
[11064739ms] [ERROR] [JavaScript Error: "Firefox can’t establish a connection to the server at ws://localhost:5190/ws." {file: "http://localhost:5190/node_modules/.vite/deps/@stomp_stompjs.js?v=c33fc525" line: 1107}] @ http://localhost:5190/node_modules/.vite/deps/@stomp_stompjs.js?v=c33fc525:1107
[11124745ms] [ERROR] [JavaScript Error: "Firefox can’t establish a connection to the server at ws://localhost:5190/ws." {file: "http://localhost:5190/node_modules/.vite/deps/@stomp_stompjs.js?v=c33fc525" line: 1107}] @ http://localhost:5190/node_modules/.vite/deps/@stomp_stompjs.js?v=c33fc525:1107
[11184752ms] [ERROR] [JavaScript Error: "Firefox can’t establish a connection to the server at ws://localhost:5190/ws." {file: "http://localhost:5190/node_modules/.vite/deps/@stomp_stompjs.js?v=c33fc525" line: 1107}] @ http://localhost:5190/node_modules/.vite/deps/@stomp_stompjs.js?v=c33fc525:1107
[11244758ms] [ERROR] [JavaScript Error: "Firefox can’t establish a connection to the server at ws://localhost:5190/ws." {file: "http://localhost:5190/node_modules/.vite/deps/@stomp_stompjs.js?v=c33fc525" line: 1107}] @ http://localhost:5190/node_modules/.vite/deps/@stomp_stompjs.js?v=c33fc525:1107
[11305392ms] [ERROR] [JavaScript Error: "Firefox can’t establish a connection to the server at ws://localhost:5190/ws." {file: "http://localhost:5190/node_modules/.vite/deps/@stomp_stompjs.js?v=c33fc525" line: 1107}] @ http://localhost:5190/node_modules/.vite/deps/@stomp_stompjs.js?v=c33fc525:1107
[11365910ms] [ERROR] [JavaScript Error: "Firefox can’t establish a connection to the server at ws://localhost:5190/ws." {file: "http://localhost:5190/node_modules/.vite/deps/@stomp_stompjs.js?v=c33fc525" line: 1107}] @ http://localhost:5190/node_modules/.vite/deps/@stomp_stompjs.js?v=c33fc525:1107
[11425916ms] [ERROR] [JavaScript Error: "Firefox can’t establish a connection to the server at ws://localhost:5190/ws." {file: "http://localhost:5190/node_modules/.vite/deps/@stomp_stompjs.js?v=c33fc525" line: 1107}] @ http://localhost:5190/node_modules/.vite/deps/@stomp_stompjs.js?v=c33fc525:1107
[11485921ms] [ERROR] [JavaScript Error: "Firefox can’t establish a connection to the server at ws://localhost:5190/ws." {file: "http://localhost:5190/node_modules/.vite/deps/@stomp_stompjs.js?v=c33fc525" line: 1107}] @ http://localhost:5190/node_modules/.vite/deps/@stomp_stompjs.js?v=c33fc525:1107
[11545928ms] [ERROR] [JavaScript Error: "Firefox can’t establish a connection to the server at ws://localhost:5190/ws." {file: "http://localhost:5190/node_modules/.vite/deps/@stomp_stompjs.js?v=c33fc525" line: 1107}] @ http://localhost:5190/node_modules/.vite/deps/@stomp_stompjs.js?v=c33fc525:1107
[11605934ms] [ERROR] [JavaScript Error: "Firefox can’t establish a connection to the server at ws://localhost:5190/ws." {file: "http://localhost:5190/node_modules/.vite/deps/@stomp_stompjs.js?v=c33fc525" line: 1107}] @ http://localhost:5190/node_modules/.vite/deps/@stomp_stompjs.js?v=c33fc525:1107
[11665940ms] [ERROR] [JavaScript Error: "Firefox can’t establish a connection to the server at ws://localhost:5190/ws." {file: "http://localhost:5190/node_modules/.vite/deps/@stomp_stompjs.js?v=c33fc525" line: 1107}] @ http://localhost:5190/node_modules/.vite/deps/@stomp_stompjs.js?v=c33fc525:1107
[11725945ms] [ERROR] [JavaScript Error: "Firefox can’t establish a connection to the server at ws://localhost:5190/ws." {file: "http://localhost:5190/node_modules/.vite/deps/@stomp_stompjs.js?v=c33fc525" line: 1107}] @ http://localhost:5190/node_modules/.vite/deps/@stomp_stompjs.js?v=c33fc525:1107
[11785952ms] [ERROR] [JavaScript Error: "Firefox can’t establish a connection to the server at ws://localhost:5190/ws." {file: "http://localhost:5190/node_modules/.vite/deps/@stomp_stompjs.js?v=c33fc525" line: 1107}] @ http://localhost:5190/node_modules/.vite/deps/@stomp_stompjs.js?v=c33fc525:1107
[11845956ms] [ERROR] [JavaScript Error: "Firefox can’t establish a connection to the server at ws://localhost:5190/ws." {file: "http://localhost:5190/node_modules/.vite/deps/@stomp_stompjs.js?v=c33fc525" line: 1107}] @ http://localhost:5190/node_modules/.vite/deps/@stomp_stompjs.js?v=c33fc525:1107
[11905963ms] [ERROR] [JavaScript Error: "Firefox can’t establish a connection to the server at ws://localhost:5190/ws." {file: "http://localhost:5190/node_modules/.vite/deps/@stomp_stompjs.js?v=c33fc525" line: 1107}] @ http://localhost:5190/node_modules/.vite/deps/@stomp_stompjs.js?v=c33fc525:1107
[11965969ms] [ERROR] [JavaScript Error: "Firefox can’t establish a connection to the server at ws://localhost:5190/ws." {file: "http://localhost:5190/node_modules/.vite/deps/@stomp_stompjs.js?v=c33fc525" line: 1107}] @ http://localhost:5190/node_modules/.vite/deps/@stomp_stompjs.js?v=c33fc525:1107
[12025974ms] [ERROR] [JavaScript Error: "Firefox can’t establish a connection to the server at ws://localhost:5190/ws." {file: "http://localhost:5190/node_modules/.vite/deps/@stomp_stompjs.js?v=c33fc525" line: 1107}] @ http://localhost:5190/node_modules/.vite/deps/@stomp_stompjs.js?v=c33fc525:1107
[12085981ms] [ERROR] [JavaScript Error: "Firefox can’t establish a connection to the server at ws://localhost:5190/ws." {file: "http://localhost:5190/node_modules/.vite/deps/@stomp_stompjs.js?v=c33fc525" line: 1107}] @ http://localhost:5190/node_modules/.vite/deps/@stomp_stompjs.js?v=c33fc525:1107
[12146059ms] [ERROR] [JavaScript Error: "Firefox can’t establish a connection to the server at ws://localhost:5190/ws." {file: "http://localhost:5190/node_modules/.vite/deps/@stomp_stompjs.js?v=c33fc525" line: 1107}] @ http://localhost:5190/node_modules/.vite/deps/@stomp_stompjs.js?v=c33fc525:1107
[12206063ms] [ERROR] [JavaScript Error: "Firefox can’t establish a connection to the server at ws://localhost:5190/ws." {file: "http://localhost:5190/node_modules/.vite/deps/@stomp_stompjs.js?v=c33fc525" line: 1107}] @ http://localhost:5190/node_modules/.vite/deps/@stomp_stompjs.js?v=c33fc525:1107
[12266069ms] [ERROR] [JavaScript Error: "Firefox can’t establish a connection to the server at ws://localhost:5190/ws." {file: "http://localhost:5190/node_modules/.vite/deps/@stomp_stompjs.js?v=c33fc525" line: 1107}] @ http://localhost:5190/node_modules/.vite/deps/@stomp_stompjs.js?v=c33fc525:1107
[12326074ms] [ERROR] [JavaScript Error: "Firefox can’t establish a connection to the server at ws://localhost:5190/ws." {file: "http://localhost:5190/node_modules/.vite/deps/@stomp_stompjs.js?v=c33fc525" line: 1107}] @ http://localhost:5190/node_modules/.vite/deps/@stomp_stompjs.js?v=c33fc525:1107
[12386081ms] [ERROR] [JavaScript Error: "Firefox can’t establish a connection to the server at ws://localhost:5190/ws." {file: "http://localhost:5190/node_modules/.vite/deps/@stomp_stompjs.js?v=c33fc525" line: 1107}] @ http://localhost:5190/node_modules/.vite/deps/@stomp_stompjs.js?v=c33fc525:1107
[12446087ms] [ERROR] [JavaScript Error: "Firefox can’t establish a connection to the server at ws://localhost:5190/ws." {file: "http://localhost:5190/node_modules/.vite/deps/@stomp_stompjs.js?v=c33fc525" line: 1107}] @ http://localhost:5190/node_modules/.vite/deps/@stomp_stompjs.js?v=c33fc525:1107
[12506093ms] [ERROR] [JavaScript Error: "Firefox can’t establish a connection to the server at ws://localhost:5190/ws." {file: "http://localhost:5190/node_modules/.vite/deps/@stomp_stompjs.js?v=c33fc525" line: 1107}] @ http://localhost:5190/node_modules/.vite/deps/@stomp_stompjs.js?v=c33fc525:1107
[12566100ms] [ERROR] [JavaScript Error: "Firefox can’t establish a connection to the server at ws://localhost:5190/ws." {file: "http://localhost:5190/node_modules/.vite/deps/@stomp_stompjs.js?v=c33fc525" line: 1107}] @ http://localhost:5190/node_modules/.vite/deps/@stomp_stompjs.js?v=c33fc525:1107
[12626105ms] [ERROR] [JavaScript Error: "Firefox can’t establish a connection to the server at ws://localhost:5190/ws." {file: "http://localhost:5190/node_modules/.vite/deps/@stomp_stompjs.js?v=c33fc525" line: 1107}] @ http://localhost:5190/node_modules/.vite/deps/@stomp_stompjs.js?v=c33fc525:1107
[12686111ms] [ERROR] [JavaScript Error: "Firefox can’t establish a connection to the server at ws://localhost:5190/ws." {file: "http://localhost:5190/node_modules/.vite/deps/@stomp_stompjs.js?v=c33fc525" line: 1107}] @ http://localhost:5190/node_modules/.vite/deps/@stomp_stompjs.js?v=c33fc525:1107
[12746118ms] [ERROR] [JavaScript Error: "Firefox can’t establish a connection to the server at ws://localhost:5190/ws." {file: "http://localhost:5190/node_modules/.vite/deps/@stomp_stompjs.js?v=c33fc525" line: 1107}] @ http://localhost:5190/node_modules/.vite/deps/@stomp_stompjs.js?v=c33fc525:1107
[12806123ms] [ERROR] [JavaScript Error: "Firefox can’t establish a connection to the server at ws://localhost:5190/ws." {file: "http://localhost:5190/node_modules/.vite/deps/@stomp_stompjs.js?v=c33fc525" line: 1107}] @ http://localhost:5190/node_modules/.vite/deps/@stomp_stompjs.js?v=c33fc525:1107
[12866129ms] [ERROR] [JavaScript Error: "Firefox can’t establish a connection to the server at ws://localhost:5190/ws." {file: "http://localhost:5190/node_modules/.vite/deps/@stomp_stompjs.js?v=c33fc525" line: 1107}] @ http://localhost:5190/node_modules/.vite/deps/@stomp_stompjs.js?v=c33fc525:1107
[12926135ms] [ERROR] [JavaScript Error: "Firefox can’t establish a connection to the server at ws://localhost:5190/ws." {file: "http://localhost:5190/node_modules/.vite/deps/@stomp_stompjs.js?v=c33fc525" line: 1107}] @ http://localhost:5190/node_modules/.vite/deps/@stomp_stompjs.js?v=c33fc525:1107
[12986642ms] [ERROR] [JavaScript Error: "Firefox can’t establish a connection to the server at ws://localhost:5190/ws." {file: "http://localhost:5190/node_modules/.vite/deps/@stomp_stompjs.js?v=c33fc525" line: 1107}] @ http://localhost:5190/node_modules/.vite/deps/@stomp_stompjs.js?v=c33fc525:1107
[13046649ms] [ERROR] [JavaScript Error: "Firefox can’t establish a connection to the server at ws://localhost:5190/ws." {file: "http://localhost:5190/node_modules/.vite/deps/@stomp_stompjs.js?v=c33fc525" line: 1107}] @ http://localhost:5190/node_modules/.vite/deps/@stomp_stompjs.js?v=c33fc525:1107
[13106656ms] [ERROR] [JavaScript Error: "Firefox can’t establish a connection to the server at ws://localhost:5190/ws." {file: "http://localhost:5190/node_modules/.vite/deps/@stomp_stompjs.js?v=c33fc525" line: 1107}] @ http://localhost:5190/node_modules/.vite/deps/@stomp_stompjs.js?v=c33fc525:1107
[13166661ms] [ERROR] [JavaScript Error: "Firefox can’t establish a connection to the server at ws://localhost:5190/ws." {file: "http://localhost:5190/node_modules/.vite/deps/@stomp_stompjs.js?v=c33fc525" line: 1107}] @ http://localhost:5190/node_modules/.vite/deps/@stomp_stompjs.js?v=c33fc525:1107
[13226668ms] [ERROR] [JavaScript Error: "Firefox can’t establish a connection to the server at ws://localhost:5190/ws." {file: "http://localhost:5190/node_modules/.vite/deps/@stomp_stompjs.js?v=c33fc525" line: 1107}] @ http://localhost:5190/node_modules/.vite/deps/@stomp_stompjs.js?v=c33fc525:1107
[13286673ms] [ERROR] [JavaScript Error: "Firefox can’t establish a connection to the server at ws://localhost:5190/ws." {file: "http://localhost:5190/node_modules/.vite/deps/@stomp_stompjs.js?v=c33fc525" line: 1107}] @ http://localhost:5190/node_modules/.vite/deps/@stomp_stompjs.js?v=c33fc525:1107
[13346679ms] [ERROR] [JavaScript Error: "Firefox can’t establish a connection to the server at ws://localhost:5190/ws." {file: "http://localhost:5190/node_modules/.vite/deps/@stomp_stompjs.js?v=c33fc525" line: 1107}] @ http://localhost:5190/node_modules/.vite/deps/@stomp_stompjs.js?v=c33fc525:1107
[13406685ms] [ERROR] [JavaScript Error: "Firefox can’t establish a connection to the server at ws://localhost:5190/ws." {file: "http://localhost:5190/node_modules/.vite/deps/@stomp_stompjs.js?v=c33fc525" line: 1107}] @ http://localhost:5190/node_modules/.vite/deps/@stomp_stompjs.js?v=c33fc525:1107
[13466689ms] [ERROR] [JavaScript Error: "Firefox can’t establish a connection to the server at ws://localhost:5190/ws." {file: "http://localhost:5190/node_modules/.vite/deps/@stomp_stompjs.js?v=c33fc525" line: 1107}] @ http://localhost:5190/node_modules/.vite/deps/@stomp_stompjs.js?v=c33fc525:1107
[13526696ms] [ERROR] [JavaScript Error: "Firefox can’t establish a connection to the server at ws://localhost:5190/ws." {file: "http://localhost:5190/node_modules/.vite/deps/@stomp_stompjs.js?v=c33fc525" line: 1107}] @ http://localhost:5190/node_modules/.vite/deps/@stomp_stompjs.js?v=c33fc525:1107
[13586702ms] [ERROR] [JavaScript Error: "Firefox can’t establish a connection to the server at ws://localhost:5190/ws." {file: "http://localhost:5190/node_modules/.vite/deps/@stomp_stompjs.js?v=c33fc525" line: 1107}] @ http://localhost:5190/node_modules/.vite/deps/@stomp_stompjs.js?v=c33fc525:1107
[13646708ms] [ERROR] [JavaScript Error: "Firefox can’t establish a connection to the server at ws://localhost:5190/ws." {file: "http://localhost:5190/node_modules/.vite/deps/@stomp_stompjs.js?v=c33fc525" line: 1107}] @ http://localhost:5190/node_modules/.vite/deps/@stomp_stompjs.js?v=c33fc525:1107
[13706713ms] [ERROR] [JavaScript Error: "Firefox can’t establish a connection to the server at ws://localhost:5190/ws." {file: "http://localhost:5190/node_modules/.vite/deps/@stomp_stompjs.js?v=c33fc525" line: 1107}] @ http://localhost:5190/node_modules/.vite/deps/@stomp_stompjs.js?v=c33fc525:1107
[13766718ms] [ERROR] [JavaScript Error: "Firefox can’t establish a connection to the server at ws://localhost:5190/ws." {file: "http://localhost:5190/node_modules/.vite/deps/@stomp_stompjs.js?v=c33fc525" line: 1107}] @ http://localhost:5190/node_modules/.vite/deps/@stomp_stompjs.js?v=c33fc525:1107
[13826927ms] [ERROR] [JavaScript Error: "Firefox can’t establish a connection to the server at ws://localhost:5190/ws." {file: "http://localhost:5190/node_modules/.vite/deps/@stomp_stompjs.js?v=c33fc525" line: 1107}] @ http://localhost:5190/node_modules/.vite/deps/@stomp_stompjs.js?v=c33fc525:1107
[13886991ms] [ERROR] [JavaScript Error: "Firefox can’t establish a connection to the server at ws://localhost:5190/ws." {file: "http://localhost:5190/node_modules/.vite/deps/@stomp_stompjs.js?v=c33fc525" line: 1107}] @ http://localhost:5190/node_modules/.vite/deps/@stomp_stompjs.js?v=c33fc525:1107
[13946997ms] [ERROR] [JavaScript Error: "Firefox can’t establish a connection to the server at ws://localhost:5190/ws." {file: "http://localhost:5190/node_modules/.vite/deps/@stomp_stompjs.js?v=c33fc525" line: 1107}] @ http://localhost:5190/node_modules/.vite/deps/@stomp_stompjs.js?v=c33fc525:1107
[14007003ms] [ERROR] [JavaScript Error: "Firefox can’t establish a connection to the server at ws://localhost:5190/ws." {file: "http://localhost:5190/node_modules/.vite/deps/@stomp_stompjs.js?v=c33fc525" line: 1107}] @ http://localhost:5190/node_modules/.vite/deps/@stomp_stompjs.js?v=c33fc525:1107
[14067008ms] [ERROR] [JavaScript Error: "Firefox can’t establish a connection to the server at ws://localhost:5190/ws." {file: "http://localhost:5190/node_modules/.vite/deps/@stomp_stompjs.js?v=c33fc525" line: 1107}] @ http://localhost:5190/node_modules/.vite/deps/@stomp_stompjs.js?v=c33fc525:1107
[14127015ms] [ERROR] [JavaScript Error: "Firefox can’t establish a connection to the server at ws://localhost:5190/ws." {file: "http://localhost:5190/node_modules/.vite/deps/@stomp_stompjs.js?v=c33fc525" line: 1107}] @ http://localhost:5190/node_modules/.vite/deps/@stomp_stompjs.js?v=c33fc525:1107
[14187020ms] [ERROR] [JavaScript Error: "Firefox can’t establish a connection to the server at ws://localhost:5190/ws." {file: "http://localhost:5190/node_modules/.vite/deps/@stomp_stompjs.js?v=c33fc525" line: 1107}] @ http://localhost:5190/node_modules/.vite/deps/@stomp_stompjs.js?v=c33fc525:1107
[14247026ms] [ERROR] [JavaScript Error: "Firefox can’t establish a connection to the server at ws://localhost:5190/ws." {file: "http://localhost:5190/node_modules/.vite/deps/@stomp_stompjs.js?v=c33fc525" line: 1107}] @ http://localhost:5190/node_modules/.vite/deps/@stomp_stompjs.js?v=c33fc525:1107
[14307031ms] [ERROR] [JavaScript Error: "Firefox can’t establish a connection to the server at ws://localhost:5190/ws." {file: "http://localhost:5190/node_modules/.vite/deps/@stomp_stompjs.js?v=c33fc525" line: 1107}] @ http://localhost:5190/node_modules/.vite/deps/@stomp_stompjs.js?v=c33fc525:1107
[14367036ms] [ERROR] [JavaScript Error: "Firefox can’t establish a connection to the server at ws://localhost:5190/ws." {file: "http://localhost:5190/node_modules/.vite/deps/@stomp_stompjs.js?v=c33fc525" line: 1107}] @ http://localhost:5190/node_modules/.vite/deps/@stomp_stompjs.js?v=c33fc525:1107
[14427042ms] [ERROR] [JavaScript Error: "Firefox can’t establish a connection to the server at ws://localhost:5190/ws." {file: "http://localhost:5190/node_modules/.vite/deps/@stomp_stompjs.js?v=c33fc525" line: 1107}] @ http://localhost:5190/node_modules/.vite/deps/@stomp_stompjs.js?v=c33fc525:1107
[14487047ms] [ERROR] [JavaScript Error: "Firefox can’t establish a connection to the server at ws://localhost:5190/ws." {file: "http://localhost:5190/node_modules/.vite/deps/@stomp_stompjs.js?v=c33fc525" line: 1107}] @ http://localhost:5190/node_modules/.vite/deps/@stomp_stompjs.js?v=c33fc525:1107
[14547052ms] [ERROR] [JavaScript Error: "Firefox can’t establish a connection to the server at ws://localhost:5190/ws." {file: "http://localhost:5190/node_modules/.vite/deps/@stomp_stompjs.js?v=c33fc525" line: 1107}] @ http://localhost:5190/node_modules/.vite/deps/@stomp_stompjs.js?v=c33fc525:1107
[14607475ms] [ERROR] [JavaScript Error: "Firefox can’t establish a connection to the server at ws://localhost:5190/ws." {file: "http://localhost:5190/node_modules/.vite/deps/@stomp_stompjs.js?v=c33fc525" line: 1107}] @ http://localhost:5190/node_modules/.vite/deps/@stomp_stompjs.js?v=c33fc525:1107
[14667891ms] [ERROR] [JavaScript Error: "Firefox can’t establish a connection to the server at ws://localhost:5190/ws." {file: "http://localhost:5190/node_modules/.vite/deps/@stomp_stompjs.js?v=c33fc525" line: 1107}] @ http://localhost:5190/node_modules/.vite/deps/@stomp_stompjs.js?v=c33fc525:1107
[14682943ms] [ERROR] [JavaScript Error: "Firefox can’t establish a connection to the server at ws://localhost:5190/ws." {file: "http://localhost:5190/node_modules/.vite/deps/@stomp_stompjs.js?v=c33fc525" line: 1107}] @ http://localhost:5190/node_modules/.vite/deps/@stomp_stompjs.js?v=c33fc525:1107
[14682945ms] [ERROR] [JavaScript Error: "The connection to ws://localhost:5190/ws was interrupted while the page was loading." {file: "http://localhost:5190/node_modules/.vite/deps/@stomp_stompjs.js?v=c33fc525" line: 1107}] @ http://localhost:5190/node_modules/.vite/deps/@stomp_stompjs.js?v=c33fc525:1107
[14727898ms] [ERROR] [JavaScript Error: "Firefox can’t establish a connection to the server at ws://localhost:5190/ws." {file: "http://localhost:5190/node_modules/.vite/deps/@stomp_stompjs.js?v=c33fc525" line: 1107}] @ http://localhost:5190/node_modules/.vite/deps/@stomp_stompjs.js?v=c33fc525:1107
[14787903ms] [ERROR] [JavaScript Error: "Firefox can’t establish a connection to the server at ws://localhost:5190/ws." {file: "http://localhost:5190/node_modules/.vite/deps/@stomp_stompjs.js?v=c33fc525" line: 1107}] @ http://localhost:5190/node_modules/.vite/deps/@stomp_stompjs.js?v=c33fc525:1107
[14847908ms] [ERROR] [JavaScript Error: "Firefox can’t establish a connection to the server at ws://localhost:5190/ws." {file: "http://localhost:5190/node_modules/.vite/deps/@stomp_stompjs.js?v=c33fc525" line: 1107}] @ http://localhost:5190/node_modules/.vite/deps/@stomp_stompjs.js?v=c33fc525:1107
[14907912ms] [ERROR] [JavaScript Error: "Firefox can’t establish a connection to the server at ws://localhost:5190/ws." {file: "http://localhost:5190/node_modules/.vite/deps/@stomp_stompjs.js?v=c33fc525" line: 1107}] @ http://localhost:5190/node_modules/.vite/deps/@stomp_stompjs.js?v=c33fc525:1107
[14967919ms] [ERROR] [JavaScript Error: "Firefox can’t establish a connection to the server at ws://localhost:5190/ws." {file: "http://localhost:5190/node_modules/.vite/deps/@stomp_stompjs.js?v=c33fc525" line: 1107}] @ http://localhost:5190/node_modules/.vite/deps/@stomp_stompjs.js?v=c33fc525:1107
[15027924ms] [ERROR] [JavaScript Error: "Firefox can’t establish a connection to the server at ws://localhost:5190/ws." {file: "http://localhost:5190/node_modules/.vite/deps/@stomp_stompjs.js?v=c33fc525" line: 1107}] @ http://localhost:5190/node_modules/.vite/deps/@stomp_stompjs.js?v=c33fc525:1107
[15087930ms] [ERROR] [JavaScript Error: "Firefox can’t establish a connection to the server at ws://localhost:5190/ws." {file: "http://localhost:5190/node_modules/.vite/deps/@stomp_stompjs.js?v=c33fc525" line: 1107}] @ http://localhost:5190/node_modules/.vite/deps/@stomp_stompjs.js?v=c33fc525:1107
[15147938ms] [ERROR] [JavaScript Error: "Firefox can’t establish a connection to the server at ws://localhost:5190/ws." {file: "http://localhost:5190/node_modules/.vite/deps/@stomp_stompjs.js?v=c33fc525" line: 1107}] @ http://localhost:5190/node_modules/.vite/deps/@stomp_stompjs.js?v=c33fc525:1107
[15207943ms] [ERROR] [JavaScript Error: "Firefox can’t establish a connection to the server at ws://localhost:5190/ws." {file: "http://localhost:5190/node_modules/.vite/deps/@stomp_stompjs.js?v=c33fc525" line: 1107}] @ http://localhost:5190/node_modules/.vite/deps/@stomp_stompjs.js?v=c33fc525:1107
[15257873ms] [ERROR] [JavaScript Error: "Firefox can’t establish a connection to the server at ws://localhost:5190/ws." {file: "http://localhost:5190/node_modules/.vite/deps/@stomp_stompjs.js?v=c33fc525" line: 1107}] @ http://localhost:5190/node_modules/.vite/deps/@stomp_stompjs.js?v=c33fc525:1107
[15257874ms] [ERROR] [JavaScript Error: "The connection to ws://localhost:5190/ws was interrupted while the page was loading." {file: "http://localhost:5190/node_modules/.vite/deps/@stomp_stompjs.js?v=c33fc525" line: 1107}] @ http://localhost:5190/node_modules/.vite/deps/@stomp_stompjs.js?v=c33fc525:1107
[15267949ms] [ERROR] [JavaScript Error: "Firefox can’t establish a connection to the server at ws://localhost:5190/ws." {file: "http://localhost:5190/node_modules/.vite/deps/@stomp_stompjs.js?v=c33fc525" line: 1107}] @ http://localhost:5190/node_modules/.vite/deps/@stomp_stompjs.js?v=c33fc525:1107
[15327959ms] [ERROR] [JavaScript Error: "Firefox can’t establish a connection to the server at ws://localhost:5190/ws." {file: "http://localhost:5190/node_modules/.vite/deps/@stomp_stompjs.js?v=c33fc525" line: 1107}] @ http://localhost:5190/node_modules/.vite/deps/@stomp_stompjs.js?v=c33fc525:1107
[15344645ms] [ERROR] [JavaScript Error: "Firefox can’t establish a connection to the server at ws://localhost:5190/ws." {file: "http://localhost:5190/node_modules/.vite/deps/@stomp_stompjs.js?v=c33fc525" line: 1107}] @ http://localhost:5190/node_modules/.vite/deps/@stomp_stompjs.js?v=c33fc525:1107
[15344646ms] [ERROR] [JavaScript Error: "The connection to ws://localhost:5190/ws was interrupted while the page was loading." {file: "http://localhost:5190/node_modules/.vite/deps/@stomp_stompjs.js?v=c33fc525" line: 1107}] @ http://localhost:5190/node_modules/.vite/deps/@stomp_stompjs.js?v=c33fc525:1107
[15388625ms] [ERROR] [JavaScript Error: "Firefox can’t establish a connection to the server at ws://localhost:5190/ws." {file: "http://localhost:5190/node_modules/.vite/deps/@stomp_stompjs.js?v=c33fc525" line: 1107}] @ http://localhost:5190/node_modules/.vite/deps/@stomp_stompjs.js?v=c33fc525:1107
[15448631ms] [ERROR] [JavaScript Error: "Firefox can’t establish a connection to the server at ws://localhost:5190/ws." {file: "http://localhost:5190/node_modules/.vite/deps/@stomp_stompjs.js?v=c33fc525" line: 1107}] @ http://localhost:5190/node_modules/.vite/deps/@stomp_stompjs.js?v=c33fc525:1107
[15509409ms] [ERROR] [JavaScript Error: "Firefox can’t establish a connection to the server at ws://localhost:5190/ws." {file: "http://localhost:5190/node_modules/.vite/deps/@stomp_stompjs.js?v=c33fc525" line: 1107}] @ http://localhost:5190/node_modules/.vite/deps/@stomp_stompjs.js?v=c33fc525:1107
[15529683ms] [ERROR] [JavaScript Error: "Firefox can’t establish a connection to the server at ws://localhost:5190/ws." {file: "http://localhost:5190/node_modules/.vite/deps/@stomp_stompjs.js?v=c33fc525" line: 1107}] @ http://localhost:5190/node_modules/.vite/deps/@stomp_stompjs.js?v=c33fc525:1107
[15529684ms] [ERROR] [JavaScript Error: "The connection to ws://localhost:5190/ws was interrupted while the page was loading." {file: "http://localhost:5190/node_modules/.vite/deps/@stomp_stompjs.js?v=c33fc525" line: 1107}] @ http://localhost:5190/node_modules/.vite/deps/@stomp_stompjs.js?v=c33fc525:1107
[15550035ms] [ERROR] [JavaScript Error: "Firefox can’t establish a connection to the server at ws://localhost:5190/ws." {file: "http://localhost:5190/node_modules/.vite/deps/@stomp_stompjs.js?v=c33fc525" line: 1107}] @ http://localhost:5190/node_modules/.vite/deps/@stomp_stompjs.js?v=c33fc525:1107
[15550039ms] [ERROR] [JavaScript Error: "The connection to ws://localhost:5190/ws was interrupted while the page was loading." {file: "http://localhost:5190/node_modules/.vite/deps/@stomp_stompjs.js?v=c33fc525" line: 1107}] @ http://localhost:5190/node_modules/.vite/deps/@stomp_stompjs.js?v=c33fc525:1107
[15570794ms] [ERROR] [JavaScript Error: "Firefox can’t establish a connection to the server at ws://localhost:5190/ws." {file: "http://localhost:5190/node_modules/.vite/deps/@stomp_stompjs.js?v=c33fc525" line: 1107}] @ http://localhost:5190/node_modules/.vite/deps/@stomp_stompjs.js?v=c33fc525:1107
[15631322ms] [ERROR] [JavaScript Error: "Firefox can’t establish a connection to the server at ws://localhost:5190/ws." {file: "http://localhost:5190/node_modules/.vite/deps/@stomp_stompjs.js?v=c33fc525" line: 1107}] @ http://localhost:5190/node_modules/.vite/deps/@stomp_stompjs.js?v=c33fc525:1107
[15691362ms] [ERROR] [JavaScript Error: "Firefox can’t establish a connection to the server at ws://localhost:5190/ws." {file: "http://localhost:5190/node_modules/.vite/deps/@stomp_stompjs.js?v=c33fc525" line: 1107}] @ http://localhost:5190/node_modules/.vite/deps/@stomp_stompjs.js?v=c33fc525:1107
[15751372ms] [ERROR] [JavaScript Error: "Firefox can’t establish a connection to the server at ws://localhost:5190/ws." {file: "http://localhost:5190/node_modules/.vite/deps/@stomp_stompjs.js?v=c33fc525" line: 1107}] @ http://localhost:5190/node_modules/.vite/deps/@stomp_stompjs.js?v=c33fc525:1107
[15811445ms] [ERROR] [JavaScript Error: "Firefox can’t establish a connection to the server at ws://localhost:5190/ws." {file: "http://localhost:5190/node_modules/.vite/deps/@stomp_stompjs.js?v=c33fc525" line: 1107}] @ http://localhost:5190/node_modules/.vite/deps/@stomp_stompjs.js?v=c33fc525:1107
[15871451ms] [ERROR] [JavaScript Error: "Firefox can’t establish a connection to the server at ws://localhost:5190/ws." {file: "http://localhost:5190/node_modules/.vite/deps/@stomp_stompjs.js?v=c33fc525" line: 1107}] @ http://localhost:5190/node_modules/.vite/deps/@stomp_stompjs.js?v=c33fc525:1107
[15931456ms] [ERROR] [JavaScript Error: "Firefox can’t establish a connection to the server at ws://localhost:5190/ws." {file: "http://localhost:5190/node_modules/.vite/deps/@stomp_stompjs.js?v=c33fc525" line: 1107}] @ http://localhost:5190/node_modules/.vite/deps/@stomp_stompjs.js?v=c33fc525:1107
[15991461ms] [ERROR] [JavaScript Error: "Firefox can’t establish a connection to the server at ws://localhost:5190/ws." {file: "http://localhost:5190/node_modules/.vite/deps/@stomp_stompjs.js?v=c33fc525" line: 1107}] @ http://localhost:5190/node_modules/.vite/deps/@stomp_stompjs.js?v=c33fc525:1107
[16051470ms] [ERROR] [JavaScript Error: "Firefox can’t establish a connection to the server at ws://localhost:5190/ws." {file: "http://localhost:5190/node_modules/.vite/deps/@stomp_stompjs.js?v=c33fc525" line: 1107}] @ http://localhost:5190/node_modules/.vite/deps/@stomp_stompjs.js?v=c33fc525:1107
[16111480ms] [ERROR] [JavaScript Error: "Firefox can’t establish a connection to the server at ws://localhost:5190/ws." {file: "http://localhost:5190/node_modules/.vite/deps/@stomp_stompjs.js?v=c33fc525" line: 1107}] @ http://localhost:5190/node_modules/.vite/deps/@stomp_stompjs.js?v=c33fc525:1107
[16171486ms] [ERROR] [JavaScript Error: "Firefox can’t establish a connection to the server at ws://localhost:5190/ws." {file: "http://localhost:5190/node_modules/.vite/deps/@stomp_stompjs.js?v=c33fc525" line: 1107}] @ http://localhost:5190/node_modules/.vite/deps/@stomp_stompjs.js?v=c33fc525:1107
[16231506ms] [ERROR] [JavaScript Error: "Firefox can’t establish a connection to the server at ws://localhost:5190/ws." {file: "http://localhost:5190/node_modules/.vite/deps/@stomp_stompjs.js?v=c33fc525" line: 1107}] @ http://localhost:5190/node_modules/.vite/deps/@stomp_stompjs.js?v=c33fc525:1107
[16291514ms] [ERROR] [JavaScript Error: "Firefox can’t establish a connection to the server at ws://localhost:5190/ws." {file: "http://localhost:5190/node_modules/.vite/deps/@stomp_stompjs.js?v=c33fc525" line: 1107}] @ http://localhost:5190/node_modules/.vite/deps/@stomp_stompjs.js?v=c33fc525:1107
[16351522ms] [ERROR] [JavaScript Error: "Firefox can’t establish a connection to the server at ws://localhost:5190/ws." {file: "http://localhost:5190/node_modules/.vite/deps/@stomp_stompjs.js?v=c33fc525" line: 1107}] @ http://localhost:5190/node_modules/.vite/deps/@stomp_stompjs.js?v=c33fc525:1107
[16411976ms] [ERROR] [JavaScript Error: "Firefox can’t establish a connection to the server at ws://localhost:5190/ws." {file: "http://localhost:5190/node_modules/.vite/deps/@stomp_stompjs.js?v=c33fc525" line: 1107}] @ http://localhost:5190/node_modules/.vite/deps/@stomp_stompjs.js?v=c33fc525:1107
[16450465ms] [ERROR] [JavaScript Error: "Firefox can’t establish a connection to the server at ws://localhost:5190/ws." {file: "http://localhost:5190/node_modules/.vite/deps/@stomp_stompjs.js?v=c33fc525" line: 1107}] @ http://localhost:5190/node_modules/.vite/deps/@stomp_stompjs.js?v=c33fc525:1107
[16450469ms] [ERROR] [JavaScript Error: "The connection to ws://localhost:5190/ws was interrupted while the page was loading." {file: "http://localhost:5190/node_modules/.vite/deps/@stomp_stompjs.js?v=c33fc525" line: 1107}] @ http://localhost:5190/node_modules/.vite/deps/@stomp_stompjs.js?v=c33fc525:1107
[16451226ms] [ERROR] [JavaScript Error: "Firefox can’t establish a connection to the server at ws://localhost:5190/ws." {file: "http://localhost:5190/node_modules/.vite/deps/@stomp_stompjs.js?v=c33fc525" line: 1107}] @ http://localhost:5190/node_modules/.vite/deps/@stomp_stompjs.js?v=c33fc525:1107
[16451227ms] [ERROR] [JavaScript Error: "The connection to ws://localhost:5190/ws was interrupted while the page was loading." {file: "http://localhost:5190/node_modules/.vite/deps/@stomp_stompjs.js?v=c33fc525" line: 1107}] @ http://localhost:5190/node_modules/.vite/deps/@stomp_stompjs.js?v=c33fc525:1107
[16460894ms] [ERROR] [JavaScript Error: "Firefox can’t establish a connection to the server at ws://localhost:5190/ws." {file: "http://localhost:5190/node_modules/.vite/deps/@stomp_stompjs.js?v=c33fc525" line: 1107}] @ http://localhost:5190/node_modules/.vite/deps/@stomp_stompjs.js?v=c33fc525:1107
[16460895ms] [ERROR] [JavaScript Error: "The connection to ws://localhost:5190/ws was interrupted while the page was loading." {file: "http://localhost:5190/node_modules/.vite/deps/@stomp_stompjs.js?v=c33fc525" line: 1107}] @ http://localhost:5190/node_modules/.vite/deps/@stomp_stompjs.js?v=c33fc525:1107
[16471981ms] [ERROR] [JavaScript Error: "Firefox can’t establish a connection to the server at ws://localhost:5190/ws." {file: "http://localhost:5190/node_modules/.vite/deps/@stomp_stompjs.js?v=c33fc525" line: 1107}] @ http://localhost:5190/node_modules/.vite/deps/@stomp_stompjs.js?v=c33fc525:1107
[16477280ms] [ERROR] [JavaScript Error: "Firefox can’t establish a connection to the server at ws://localhost:5190/ws." {file: "http://localhost:5190/node_modules/.vite/deps/@stomp_stompjs.js?v=c33fc525" line: 1107}] @ http://localhost:5190/node_modules/.vite/deps/@stomp_stompjs.js?v=c33fc525:1107
[16477281ms] [ERROR] [JavaScript Error: "The connection to ws://localhost:5190/ws was interrupted while the page was loading." {file: "http://localhost:5190/node_modules/.vite/deps/@stomp_stompjs.js?v=c33fc525" line: 1107}] @ http://localhost:5190/node_modules/.vite/deps/@stomp_stompjs.js?v=c33fc525:1107
[16513178ms] [ERROR] [JavaScript Error: "Firefox can’t establish a connection to the server at ws://localhost:5190/ws." {file: "http://localhost:5190/node_modules/.vite/deps/@stomp_stompjs.js?v=c33fc525" line: 1107}] @ http://localhost:5190/node_modules/.vite/deps/@stomp_stompjs.js?v=c33fc525:1107
[16513178ms] [ERROR] [JavaScript Error: "The connection to ws://localhost:5190/ws was interrupted while the page was loading." {file: "http://localhost:5190/node_modules/.vite/deps/@stomp_stompjs.js?v=c33fc525" line: 1107}] @ http://localhost:5190/node_modules/.vite/deps/@stomp_stompjs.js?v=c33fc525:1107
[16531985ms] [ERROR] [JavaScript Error: "Firefox can’t establish a connection to the server at ws://localhost:5190/ws." {file: "http://localhost:5190/node_modules/.vite/deps/@stomp_stompjs.js?v=c33fc525" line: 1107}] @ http://localhost:5190/node_modules/.vite/deps/@stomp_stompjs.js?v=c33fc525:1107
[16591991ms] [ERROR] [JavaScript Error: "Firefox can’t establish a connection to the server at ws://localhost:5190/ws." {file: "http://localhost:5190/node_modules/.vite/deps/@stomp_stompjs.js?v=c33fc525" line: 1107}] @ http://localhost:5190/node_modules/.vite/deps/@stomp_stompjs.js?v=c33fc525:1107
[16651996ms] [ERROR] [JavaScript Error: "Firefox can’t establish a connection to the server at ws://localhost:5190/ws." {file: "http://localhost:5190/node_modules/.vite/deps/@stomp_stompjs.js?v=c33fc525" line: 1107}] @ http://localhost:5190/node_modules/.vite/deps/@stomp_stompjs.js?v=c33fc525:1107
[16712738ms] [ERROR] [JavaScript Error: "Firefox can’t establish a connection to the server at ws://localhost:5190/ws." {file: "http://localhost:5190/node_modules/.vite/deps/@stomp_stompjs.js?v=c33fc525" line: 1107}] @ http://localhost:5190/node_modules/.vite/deps/@stomp_stompjs.js?v=c33fc525:1107
