[     362ms] [ERROR] Push notification setup failed: Error @ https://chat.tommykeyapp.com/_app/immutable/nodes/0.CGLy_4O1.js:0
[     430ms] [ERROR] [JavaScript Error: "Cookie “AWSALBCORS” rejected because it has the “SameSite=None” attribute but is missing the “secure” attribute." {file: "https://chat.tommykeyapp.com/api/friends/requests" line: 0}] @ https://chat.tommykeyapp.com/api/friends/requests:0
[     437ms] [ERROR] [JavaScript Error: "Cookie “AWSALBCORS” rejected because it has the “SameSite=None” attribute but is missing the “secure” attribute." {file: "https://chat.tommykeyapp.com/api/notifications/unread" line: 0}] @ https://chat.tommykeyapp.com/api/notifications/unread:0
[     524ms] [ERROR] [JavaScript Error: "Cookie “AWSALBCORS” rejected because it has the “SameSite=None” attribute but is missing the “secure” attribute." {file: "https://chat.tommykeyapp.com/ws" line: 0}] @ https://chat.tommykeyapp.com/ws:0
[     538ms] [ERROR] [JavaScript Error: "Cookie “AWSALBCORS” rejected because it has the “SameSite=None” attribute but is missing the “secure” attribute." {file: "https://chat.tommykeyapp.com/api/friends" line: 0}] @ https://chat.tommykeyapp.com/api/friends:0
[   11470ms] [ERROR] [JavaScript Error: "Cookie “AWSALBCORS” rejected because it has the “SameSite=None” attribute but is missing the “secure” attribute." {file: "https://chat.tommykeyapp.com/api/rooms" line: 0}] @ https://chat.tommykeyapp.com/api/rooms:0
[   11691ms] [ERROR] [JavaScript Error: "Cookie “AWSALBCORS” rejected because it has the “SameSite=None” attribute but is missing the “secure” attribute." {file: "https://chat.tommykeyapp.com/api/notifications/unread/7256fe4e-e87b-4761-a2d1-42ea18cf1b73" line: 0}] @ https://chat.tommykeyapp.com/api/notifications/unread/7256fe4e-e87b-4761-a2d1-42ea18cf1b73:0
[   11691ms] [ERROR] [JavaScript Error: "Cookie “AWSALBCORS” rejected because it has the “SameSite=None” attribute but is missing the “secure” attribute." {file: "https://chat.tommykeyapp.com/api/rooms/7256fe4e-e87b-4761-a2d1-42ea18cf1b73" line: 0}] @ https://chat.tommykeyapp.com/api/rooms/7256fe4e-e87b-4761-a2d1-42ea18cf1b73:0
[   11753ms] [ERROR] [JavaScript Error: "Cookie “AWSALBCORS” rejected because it has the “SameSite=None” attribute but is missing the “secure” attribute." {file: "https://chat.tommykeyapp.com/api/rooms/7256fe4e-e87b-4761-a2d1-42ea18cf1b73/messages?page=0&size=50" line: 0}] @ https://chat.tommykeyapp.com/api/rooms/7256fe4e-e87b-4761-a2d1-42ea18cf1b73/messages?page=0&size=50:0
[   98873ms] [ERROR] [JavaScript Error: "Cookie “AWSALBCORS” rejected because it has the “SameSite=None” attribute but is missing the “secure” attribute." {file: "https://chat.tommykeyapp.com/ws" line: 0}] @ https://chat.tommykeyapp.com/ws:0
[  163969ms] [ERROR] [JavaScript Error: "Cookie “AWSALBCORS” rejected because it has the “SameSite=None” attribute but is missing the “secure” attribute." {file: "https://chat.tommykeyapp.com/ws" line: 0}] @ https://chat.tommykeyapp.com/ws:0
[  229016ms] [ERROR] [JavaScript Error: "Cookie “AWSALBCORS” rejected because it has the “SameSite=None” attribute but is missing the “secure” attribute." {file: "https://chat.tommykeyapp.com/ws" line: 0}] @ https://chat.tommykeyapp.com/ws:0
[  294108ms] [ERROR] [JavaScript Error: "Cookie “AWSALBCORS” rejected because it has the “SameSite=None” attribute but is missing the “secure” attribute." {file: "https://chat.tommykeyapp.com/ws" line: 0}] @ https://chat.tommykeyapp.com/ws:0
[  359202ms] [ERROR] [JavaScript Error: "Cookie “AWSALBCORS” rejected because it has the “SameSite=None” attribute but is missing the “secure” attribute." {file: "https://chat.tommykeyapp.com/ws" line: 0}] @ https://chat.tommykeyapp.com/ws:0
[  424288ms] [ERROR] [JavaScript Error: "Cookie “AWSALBCORS” rejected because it has the “SameSite=None” attribute but is missing the “secure” attribute." {file: "https://chat.tommykeyapp.com/ws" line: 0}] @ https://chat.tommykeyapp.com/ws:0
[  489381ms] [ERROR] [JavaScript Error: "Cookie “AWSALBCORS” rejected because it has the “SameSite=None” attribute but is missing the “secure” attribute." {file: "https://chat.tommykeyapp.com/ws" line: 0}] @ https://chat.tommykeyapp.com/ws:0
[  560062ms] [ERROR] [JavaScript Error: "Cookie “AWSALBCORS” rejected because it has the “SameSite=None” attribute but is missing the “secure” attribute." {file: "https://chat.tommykeyapp.com/ws" line: 0}] @ https://chat.tommykeyapp.com/ws:0
[  625130ms] [ERROR] [JavaScript Error: "Cookie “AWSALBCORS” rejected because it has the “SameSite=None” attribute but is missing the “secure” attribute." {file: "https://chat.tommykeyapp.com/ws" line: 0}] @ https://chat.tommykeyapp.com/ws:0
[  690248ms] [ERROR] [JavaScript Error: "Cookie “AWSALBCORS” rejected because it has the “SameSite=None” attribute but is missing the “secure” attribute." {file: "https://chat.tommykeyapp.com/ws" line: 0}] @ https://chat.tommykeyapp.com/ws:0
[  755440ms] [ERROR] [JavaScript Error: "Cookie “AWSALBCORS” rejected because it has the “SameSite=None” attribute but is missing the “secure” attribute." {file: "https://chat.tommykeyapp.com/ws" line: 0}] @ https://chat.tommykeyapp.com/ws:0
[  820597ms] [ERROR] [JavaScript Error: "Cookie “AWSALBCORS” rejected because it has the “SameSite=None” attribute but is missing the “secure” attribute." {file: "https://chat.tommykeyapp.com/ws" line: 0}] @ https://chat.tommykeyapp.com/ws:0
[  943497ms] [ERROR] [JavaScript Error: "Cookie “AWSALBCORS” rejected because it has the “SameSite=None” attribute but is missing the “secure” attribute." {file: "https://chat.tommykeyapp.com/ws" line: 0}] @ https://chat.tommykeyapp.com/ws:0
[ 1008406ms] [ERROR] [JavaScript Error: "Cookie “AWSALBCORS” rejected because it has the “SameSite=None” attribute but is missing the “secure” attribute." {file: "https://chat.tommykeyapp.com/ws" line: 0}] @ https://chat.tommykeyapp.com/ws:0
[ 1073468ms] [ERROR] [JavaScript Error: "Cookie “AWSALBCORS” rejected because it has the “SameSite=None” attribute but is missing the “secure” attribute." {file: "https://chat.tommykeyapp.com/ws" line: 0}] @ https://chat.tommykeyapp.com/ws:0
[ 1138654ms] [ERROR] [JavaScript Error: "Cookie “AWSALBCORS” rejected because it has the “SameSite=None” attribute but is missing the “secure” attribute." {file: "https://chat.tommykeyapp.com/ws" line: 0}] @ https://chat.tommykeyapp.com/ws:0
[ 1203703ms] [ERROR] [JavaScript Error: "Cookie “AWSALBCORS” rejected because it has the “SameSite=None” attribute but is missing the “secure” attribute." {file: "https://chat.tommykeyapp.com/ws" line: 0}] @ https://chat.tommykeyapp.com/ws:0
[ 1268853ms] [ERROR] [JavaScript Error: "Cookie “AWSALBCORS” rejected because it has the “SameSite=None” attribute but is missing the “secure” attribute." {file: "https://chat.tommykeyapp.com/ws" line: 0}] @ https://chat.tommykeyapp.com/ws:0
[ 1333826ms] [ERROR] [JavaScript Error: "Cookie “AWSALBCORS” rejected because it has the “SameSite=None” attribute but is missing the “secure” attribute." {file: "https://chat.tommykeyapp.com/ws" line: 0}] @ https://chat.tommykeyapp.com/ws:0
[ 1398876ms] [ERROR] [JavaScript Error: "Cookie “AWSALBCORS” rejected because it has the “SameSite=None” attribute but is missing the “secure” attribute." {file: "https://chat.tommykeyapp.com/ws" line: 0}] @ https://chat.tommykeyapp.com/ws:0
[ 1463964ms] [ERROR] [JavaScript Error: "Cookie “AWSALBCORS” rejected because it has the “SameSite=None” attribute but is missing the “secure” attribute." {file: "https://chat.tommykeyapp.com/ws" line: 0}] @ https://chat.tommykeyapp.com/ws:0
[ 1529090ms] [ERROR] [JavaScript Error: "Cookie “AWSALBCORS” rejected because it has the “SameSite=None” attribute but is missing the “secure” attribute." {file: "https://chat.tommykeyapp.com/ws" line: 0}] @ https://chat.tommykeyapp.com/ws:0
[ 1594156ms] [ERROR] [JavaScript Error: "Cookie “AWSALBCORS” rejected because it has the “SameSite=None” attribute but is missing the “secure” attribute." {file: "https://chat.tommykeyapp.com/ws" line: 0}] @ https://chat.tommykeyapp.com/ws:0
[ 1659215ms] [ERROR] [JavaScript Error: "Cookie “AWSALBCORS” rejected because it has the “SameSite=None” attribute but is missing the “secure” attribute." {file: "https://chat.tommykeyapp.com/ws" line: 0}] @ https://chat.tommykeyapp.com/ws:0
[ 1724276ms] [ERROR] [JavaScript Error: "Cookie “AWSALBCORS” rejected because it has the “SameSite=None” attribute but is missing the “secure” attribute." {file: "https://chat.tommykeyapp.com/ws" line: 0}] @ https://chat.tommykeyapp.com/ws:0
[ 1789431ms] [ERROR] [JavaScript Error: "Cookie “AWSALBCORS” rejected because it has the “SameSite=None” attribute but is missing the “secure” attribute." {file: "https://chat.tommykeyapp.com/ws" line: 0}] @ https://chat.tommykeyapp.com/ws:0
[ 1854519ms] [ERROR] [JavaScript Error: "Cookie “AWSALBCORS” rejected because it has the “SameSite=None” attribute but is missing the “secure” attribute." {file: "https://chat.tommykeyapp.com/ws" line: 0}] @ https://chat.tommykeyapp.com/ws:0
[ 1919690ms] [ERROR] [JavaScript Error: "Cookie “AWSALBCORS” rejected because it has the “SameSite=None” attribute but is missing the “secure” attribute." {file: "https://chat.tommykeyapp.com/ws" line: 0}] @ https://chat.tommykeyapp.com/ws:0
[ 1984736ms] [ERROR] [JavaScript Error: "Cookie “AWSALBCORS” rejected because it has the “SameSite=None” attribute but is missing the “secure” attribute." {file: "https://chat.tommykeyapp.com/ws" line: 0}] @ https://chat.tommykeyapp.com/ws:0
